  [1m[35m (0.2ms)[0m  [1m[35mDROP DATABASE IF EXISTS "music_app_development"[0m
  ↳ bin/rails:9
  [1m[35m (0.2ms)[0m  [1m[35mDROP DATABASE IF EXISTS "music_app_test"[0m
  ↳ bin/rails:9
  [1m[35m (397.5ms)[0m  [1m[35mCREATE DATABASE "music_app_development" ENCODING = 'unicode'[0m
  ↳ bin/rails:9
  [1m[35m (113.1ms)[0m  [1m[35mCREATE DATABASE "music_app_test" ENCODING = 'unicode'[0m
  ↳ bin/rails:9
  [1m[35m (34.6ms)[0m  [1m[35mCREATE TABLE "schema_migrations" ("version" character varying NOT NULL PRIMARY KEY)[0m
  ↳ bin/rails:9
  [1m[35m (27.2ms)[0m  [1m[35mCREATE TABLE "ar_internal_metadata" ("key" character varying NOT NULL PRIMARY KEY, "value" character varying, "created_at" timestamp NOT NULL, "updated_at" timestamp NOT NULL)[0m
  ↳ bin/rails:9
  [1m[35m (4.6ms)[0m  [1m[34mSELECT pg_try_advisory_lock(4505726345591715405)[0m
  ↳ bin/rails:9
  [1m[35m (1.2ms)[0m  [1m[34mSELECT "schema_migrations"."version" FROM "schema_migrations" ORDER BY "schema_migrations"."version" ASC[0m
  ↳ bin/rails:9
Migrating to CreateUsers (20220706174230)
  [1m[35m (0.5ms)[0m  [1m[34mSELECT pg_advisory_unlock(4505726345591715405)[0m
  ↳ bin/rails:9
  [1m[35m (0.5ms)[0m  [1m[34mSELECT pg_try_advisory_lock(4505726345591715405)[0m
  ↳ bin/rails:9
  [1m[35m (1.1ms)[0m  [1m[34mSELECT "schema_migrations"."version" FROM "schema_migrations" ORDER BY "schema_migrations"."version" ASC[0m
  ↳ bin/rails:9
Migrating to CreateUsers (20220706174230)
  [1m[35m (0.3ms)[0m  [1m[35mBEGIN[0m
  ↳ bin/rails:9
  [1m[35m (27.8ms)[0m  [1m[35mCREATE TABLE "users" ("id" bigserial primary key, "email" character varying NOT NULL, "password_digest" character varying NOT NULL, "session_token" character varying NOT NULL)[0m
  ↳ db/migrate/20220706174230_create_users.rb:3
  [1m[35m (1.7ms)[0m  [1m[35mCREATE UNIQUE INDEX  "index_users_on_email" ON "users"  ("email")[0m
  ↳ db/migrate/20220706174230_create_users.rb:8
  [1m[35m (4.3ms)[0m  [1m[35mCREATE UNIQUE INDEX  "index_users_on_session_token" ON "users"  ("session_token")[0m
  ↳ db/migrate/20220706174230_create_users.rb:9
  [1m[36mActiveRecord::SchemaMigration Create (1.2ms)[0m  [1m[32mINSERT INTO "schema_migrations" ("version") VALUES ($1) RETURNING "version"[0m  [["version", "20220706174230"]]
  ↳ bin/rails:9
  [1m[35m (2.2ms)[0m  [1m[35mCOMMIT[0m
  ↳ bin/rails:9
  [1m[36mActiveRecord::InternalMetadata Load (0.9ms)[0m  [1m[34mSELECT  "ar_internal_metadata".* FROM "ar_internal_metadata" WHERE "ar_internal_metadata"."key" = $1 LIMIT $2[0m  [["key", "environment"], ["LIMIT", 1]]
  ↳ bin/rails:9
  [1m[35m (0.3ms)[0m  [1m[35mBEGIN[0m
  ↳ bin/rails:9
  [1m[36mActiveRecord::InternalMetadata Create (0.8ms)[0m  [1m[32mINSERT INTO "ar_internal_metadata" ("key", "value", "created_at", "updated_at") VALUES ($1, $2, $3, $4) RETURNING "key"[0m  [["key", "environment"], ["value", "development"], ["created_at", "2022-07-06 17:44:46.902679"], ["updated_at", "2022-07-06 17:44:46.902679"]]
  ↳ bin/rails:9
  [1m[35m (5.5ms)[0m  [1m[35mCOMMIT[0m
  ↳ bin/rails:9
  [1m[35m (0.4ms)[0m  [1m[34mSELECT pg_advisory_unlock(4505726345591715405)[0m
  ↳ bin/rails:9
  [1m[35m (0.4ms)[0m  [1m[34mSELECT "schema_migrations"."version" FROM "schema_migrations" ORDER BY "schema_migrations"."version" ASC[0m
  ↳ bin/rails:9
  [1m[35m (1.1ms)[0m  [1m[34mSELECT "schema_migrations"."version" FROM "schema_migrations" ORDER BY "schema_migrations"."version" ASC[0m
  ↳ /Users/appacademystudent/.rbenv/versions/2.5.1/bin/annotate:23
Started GET "/" for ::1 at 2022-07-06 14:55:43 -0400
  [1m[35m (1.6ms)[0m  [1m[34mSELECT "schema_migrations"."version" FROM "schema_migrations" ORDER BY "schema_migrations"."version" ASC[0m
  ↳ /Users/appacademystudent/.rbenv/versions/2.5.1/lib/ruby/gems/2.5.0/gems/activerecord-5.2.8/lib/active_record/log_subscriber.rb:98
Processing by Rails::WelcomeController#index as HTML
  Rendering /Users/appacademystudent/.rbenv/versions/2.5.1/lib/ruby/gems/2.5.0/gems/railties-5.2.8/lib/rails/templates/rails/welcome/index.html.erb
  Rendered /Users/appacademystudent/.rbenv/versions/2.5.1/lib/ruby/gems/2.5.0/gems/railties-5.2.8/lib/rails/templates/rails/welcome/index.html.erb (12.1ms)
Completed 200 OK in 52ms (Views: 28.6ms | ActiveRecord: 0.0ms)


Started GET "/users" for ::1 at 2022-07-06 14:55:54 -0400
  
ActionController::RoutingError (No route matches [GET] "/users"):
  
actionpack (5.2.8) lib/action_dispatch/middleware/debug_exceptions.rb:65:in `call'
web-console (3.7.0) lib/web_console/middleware.rb:135:in `call_app'
web-console (3.7.0) lib/web_console/middleware.rb:30:in `block in call'
web-console (3.7.0) lib/web_console/middleware.rb:20:in `catch'
web-console (3.7.0) lib/web_console/middleware.rb:20:in `call'
actionpack (5.2.8) lib/action_dispatch/middleware/show_exceptions.rb:33:in `call'
railties (5.2.8) lib/rails/rack/logger.rb:38:in `call_app'
railties (5.2.8) lib/rails/rack/logger.rb:26:in `block in call'
activesupport (5.2.8) lib/active_support/tagged_logging.rb:71:in `block in tagged'
activesupport (5.2.8) lib/active_support/tagged_logging.rb:28:in `tagged'
activesupport (5.2.8) lib/active_support/tagged_logging.rb:71:in `tagged'
railties (5.2.8) lib/rails/rack/logger.rb:26:in `call'
sprockets-rails (3.4.2) lib/sprockets/rails/quiet_assets.rb:13:in `call'
actionpack (5.2.8) lib/action_dispatch/middleware/remote_ip.rb:81:in `call'
actionpack (5.2.8) lib/action_dispatch/middleware/request_id.rb:27:in `call'
rack (2.2.4) lib/rack/method_override.rb:24:in `call'
rack (2.2.4) lib/rack/runtime.rb:22:in `call'
activesupport (5.2.8) lib/active_support/cache/strategy/local_cache_middleware.rb:29:in `call'
actionpack (5.2.8) lib/action_dispatch/middleware/executor.rb:14:in `call'
actionpack (5.2.8) lib/action_dispatch/middleware/static.rb:127:in `call'
rack (2.2.4) lib/rack/sendfile.rb:110:in `call'
railties (5.2.8) lib/rails/engine.rb:524:in `call'
puma (3.12.6) lib/puma/configuration.rb:227:in `call'
puma (3.12.6) lib/puma/server.rb:706:in `handle_request'
puma (3.12.6) lib/puma/server.rb:476:in `process_client'
puma (3.12.6) lib/puma/server.rb:334:in `block in run'
puma (3.12.6) lib/puma/thread_pool.rb:135:in `block in spawn_thread'
Started GET "/user" for ::1 at 2022-07-06 14:56:11 -0400
  
ActionController::RoutingError (No route matches [GET] "/user"):
  
actionpack (5.2.8) lib/action_dispatch/middleware/debug_exceptions.rb:65:in `call'
web-console (3.7.0) lib/web_console/middleware.rb:135:in `call_app'
web-console (3.7.0) lib/web_console/middleware.rb:30:in `block in call'
web-console (3.7.0) lib/web_console/middleware.rb:20:in `catch'
web-console (3.7.0) lib/web_console/middleware.rb:20:in `call'
actionpack (5.2.8) lib/action_dispatch/middleware/show_exceptions.rb:33:in `call'
railties (5.2.8) lib/rails/rack/logger.rb:38:in `call_app'
railties (5.2.8) lib/rails/rack/logger.rb:26:in `block in call'
activesupport (5.2.8) lib/active_support/tagged_logging.rb:71:in `block in tagged'
activesupport (5.2.8) lib/active_support/tagged_logging.rb:28:in `tagged'
activesupport (5.2.8) lib/active_support/tagged_logging.rb:71:in `tagged'
railties (5.2.8) lib/rails/rack/logger.rb:26:in `call'
sprockets-rails (3.4.2) lib/sprockets/rails/quiet_assets.rb:13:in `call'
actionpack (5.2.8) lib/action_dispatch/middleware/remote_ip.rb:81:in `call'
actionpack (5.2.8) lib/action_dispatch/middleware/request_id.rb:27:in `call'
rack (2.2.4) lib/rack/method_override.rb:24:in `call'
rack (2.2.4) lib/rack/runtime.rb:22:in `call'
activesupport (5.2.8) lib/active_support/cache/strategy/local_cache_middleware.rb:29:in `call'
actionpack (5.2.8) lib/action_dispatch/middleware/executor.rb:14:in `call'
actionpack (5.2.8) lib/action_dispatch/middleware/static.rb:127:in `call'
rack (2.2.4) lib/rack/sendfile.rb:110:in `call'
railties (5.2.8) lib/rails/engine.rb:524:in `call'
puma (3.12.6) lib/puma/configuration.rb:227:in `call'
puma (3.12.6) lib/puma/server.rb:706:in `handle_request'
puma (3.12.6) lib/puma/server.rb:476:in `process_client'
puma (3.12.6) lib/puma/server.rb:334:in `block in run'
puma (3.12.6) lib/puma/thread_pool.rb:135:in `block in spawn_thread'
Started GET "/users/new" for ::1 at 2022-07-06 14:56:27 -0400

ActionController::RoutingError - uninitialized constant AppliationController:

Started POST "/__better_errors/c86c6f45f7d29cbb/variables" for ::1 at 2022-07-06 14:56:27 -0400
Started GET "/users/new" for ::1 at 2022-07-06 14:58:09 -0400
  [1m[35m (1.1ms)[0m  [1m[34mSELECT "schema_migrations"."version" FROM "schema_migrations" ORDER BY "schema_migrations"."version" ASC[0m
  ↳ /Users/appacademystudent/.rbenv/versions/2.5.1/lib/ruby/gems/2.5.0/gems/activerecord-5.2.8/lib/active_record/log_subscriber.rb:98

ActionController::RoutingError - undefined method `skip_before_validation' for ApplicationController:Class
Did you mean?  skip_before_action:

Started POST "/__better_errors/9d087c0c499dbe67/variables" for ::1 at 2022-07-06 14:58:09 -0400
Started GET "/users/new" for ::1 at 2022-07-06 14:58:53 -0400
  [1m[35m (1.4ms)[0m  [1m[34mSELECT "schema_migrations"."version" FROM "schema_migrations" ORDER BY "schema_migrations"."version" ASC[0m
  ↳ /Users/appacademystudent/.rbenv/versions/2.5.1/lib/ruby/gems/2.5.0/gems/activerecord-5.2.8/lib/active_record/log_subscriber.rb:98
Processing by UsersController#new as HTML
  [1m[36mUser Load (18.9ms)[0m  [1m[34mSELECT  "users".* FROM "users" WHERE "users"."session_token" IS NULL LIMIT $1[0m  [["LIMIT", 1]]
  ↳ app/controllers/application_controller.rb:7
  Rendering users/new.html.erb within layouts/application
  Rendered users/new.html.erb within layouts/application (3.8ms)
  [1m[36mCACHE User Load (0.0ms)[0m  [1m[34mSELECT  "users".* FROM "users" WHERE "users"."session_token" IS NULL LIMIT $1[0m  [["LIMIT", 1]]
  ↳ app/controllers/application_controller.rb:7
Completed 200 OK in 449ms (Views: 364.7ms | ActiveRecord: 46.2ms)


Started GET "/users/new" for ::1 at 2022-07-06 14:59:28 -0400
Processing by UsersController#new as HTML
  [1m[36mUser Load (1.4ms)[0m  [1m[34mSELECT  "users".* FROM "users" WHERE "users"."session_token" IS NULL LIMIT $1[0m  [["LIMIT", 1]]
  ↳ app/controllers/application_controller.rb:7
  Rendering users/new.html.erb within layouts/application
  Rendered users/new.html.erb within layouts/application (1.1ms)
  [1m[36mCACHE User Load (0.0ms)[0m  [1m[34mSELECT  "users".* FROM "users" WHERE "users"."session_token" IS NULL LIMIT $1[0m  [["LIMIT", 1]]
  ↳ app/controllers/application_controller.rb:7
Completed 200 OK in 148ms (Views: 122.7ms | ActiveRecord: 18.0ms)


Started POST "/users" for ::1 at 2022-07-06 14:59:46 -0400
Processing by UsersController#create as HTML
  Parameters: {"user"=>{"email"=>"freddy@idk.com", "password"=>"[FILTERED]"}}
  [1m[36mUser Load (7.1ms)[0m  [1m[34mSELECT  "users".* FROM "users" WHERE "users"."session_token" IS NULL LIMIT $1[0m  [["LIMIT", 1]]
  ↳ app/controllers/application_controller.rb:7
  [1m[35m (0.3ms)[0m  [1m[35mBEGIN[0m
  ↳ app/controllers/users_controller.rb:18
  [1m[36mUser Exists (3.3ms)[0m  [1m[34mSELECT  1 AS one FROM "users" WHERE "users"."email" = $1 LIMIT $2[0m  [["email", "freddy@idk.com"], ["LIMIT", 1]]
  ↳ app/controllers/users_controller.rb:18
  [1m[36mUser Exists (2.8ms)[0m  [1m[34mSELECT  1 AS one FROM "users" WHERE "users"."session_token" = $1 LIMIT $2[0m  [["session_token", "Thy-qfb4k4u78TZCKwjq7Q"], ["LIMIT", 1]]
  ↳ app/controllers/users_controller.rb:18
  [1m[36mUser Create (27.6ms)[0m  [1m[32mINSERT INTO "users" ("email", "password_digest", "session_token") VALUES ($1, $2, $3) RETURNING "id"[0m  [["email", "freddy@idk.com"], ["password_digest", "$2a$12$gc1Nyn6cSl6x8qNd1lFPFO1.qZbTpkqVZgFXklM8wQa274CalFz2q"], ["session_token", "Thy-qfb4k4u78TZCKwjq7Q"]]
  ↳ app/controllers/users_controller.rb:18
  [1m[35m (10.4ms)[0m  [1m[35mCOMMIT[0m
  ↳ app/controllers/users_controller.rb:18
Redirected to http://localhost:3000/users/1
Completed 302 Found in 367ms (ActiveRecord: 51.5ms)


Started GET "/users/1" for ::1 at 2022-07-06 14:59:47 -0400
Processing by UsersController#show as HTML
  Parameters: {"id"=>"1"}
  [1m[36mUser Load (1.5ms)[0m  [1m[34mSELECT  "users".* FROM "users" WHERE "users"."session_token" = $1 LIMIT $2[0m  [["session_token", "Thy-qfb4k4u78TZCKwjq7Q"], ["LIMIT", 1]]
  ↳ app/controllers/application_controller.rb:7
Completed 404 Not Found in 13ms (ActiveRecord: 1.5ms)



ActiveRecord::RecordNotFound - Couldn't find User without an ID:
  app/controllers/users_controller.rb:12:in `show'

Started POST "/__better_errors/b6f3db193b43e88d/variables" for ::1 at 2022-07-06 14:59:47 -0400
Started GET "/users/1" for ::1 at 2022-07-06 15:00:49 -0400
  [1m[35m (1.1ms)[0m  [1m[34mSELECT "schema_migrations"."version" FROM "schema_migrations" ORDER BY "schema_migrations"."version" ASC[0m
  ↳ /Users/appacademystudent/.rbenv/versions/2.5.1/lib/ruby/gems/2.5.0/gems/activerecord-5.2.8/lib/active_record/log_subscriber.rb:98
Processing by UsersController#show as HTML
  Parameters: {"id"=>"1"}
  [1m[36mUser Load (0.9ms)[0m  [1m[34mSELECT  "users".* FROM "users" WHERE "users"."session_token" = $1 LIMIT $2[0m  [["session_token", "Thy-qfb4k4u78TZCKwjq7Q"], ["LIMIT", 1]]
  ↳ app/controllers/application_controller.rb:7
  Rendering users/show.html.erb within layouts/application
  Rendered users/show.html.erb within layouts/application (5.3ms)
Completed 200 OK in 389ms (Views: 303.0ms | ActiveRecord: 31.7ms)


Started DELETE "/session" for ::1 at 2022-07-06 15:01:03 -0400
Processing by SessionsController#destroy as HTML
  [1m[36mUser Load (8.1ms)[0m  [1m[34mSELECT  "users".* FROM "users" WHERE "users"."session_token" = $1 LIMIT $2[0m  [["session_token", "Thy-qfb4k4u78TZCKwjq7Q"], ["LIMIT", 1]]
  ↳ app/controllers/application_controller.rb:7
Completed 500 Internal Server Error in 37ms (ActiveRecord: 8.1ms)



NoMethodError - undefined method `reset_session_token' for #<User:0x00007fb558381a48>
Did you mean?  reset_session_token!
               ensure_session_token
               restore_session_token!:
  app/controllers/application_controller.rb:27:in `logout!'
  app/controllers/sessions_controller.rb:22:in `destroy'

Started POST "/__better_errors/1ee2b79970ae76b3/variables" for ::1 at 2022-07-06 15:01:03 -0400
Started DELETE "/session" for ::1 at 2022-07-06 15:01:49 -0400
  [1m[35m (2.1ms)[0m  [1m[34mSELECT "schema_migrations"."version" FROM "schema_migrations" ORDER BY "schema_migrations"."version" ASC[0m
  ↳ /Users/appacademystudent/.rbenv/versions/2.5.1/lib/ruby/gems/2.5.0/gems/activerecord-5.2.8/lib/active_record/log_subscriber.rb:98
Processing by SessionsController#destroy as HTML
  [1m[36mUser Load (2.0ms)[0m  [1m[34mSELECT  "users".* FROM "users" WHERE "users"."session_token" = $1 LIMIT $2[0m  [["session_token", "Thy-qfb4k4u78TZCKwjq7Q"], ["LIMIT", 1]]
  ↳ app/controllers/application_controller.rb:7
  [1m[35m (0.3ms)[0m  [1m[35mBEGIN[0m
  ↳ app/models/user.rb:43
  [1m[36mUser Exists (6.8ms)[0m  [1m[34mSELECT  1 AS one FROM "users" WHERE "users"."email" = $1 AND "users"."id" != $2 LIMIT $3[0m  [["email", "freddy@idk.com"], ["id", 1], ["LIMIT", 1]]
  ↳ app/models/user.rb:43
  [1m[36mUser Exists (0.8ms)[0m  [1m[34mSELECT  1 AS one FROM "users" WHERE "users"."session_token" = $1 AND "users"."id" != $2 LIMIT $3[0m  [["session_token", "PisZiFNNwnqXn5No-tAeGw"], ["id", 1], ["LIMIT", 1]]
  ↳ app/models/user.rb:43
  [1m[36mUser Update (62.2ms)[0m  [1m[33mUPDATE "users" SET "session_token" = $1 WHERE "users"."id" = $2[0m  [["session_token", "PisZiFNNwnqXn5No-tAeGw"], ["id", 1]]
  ↳ app/models/user.rb:43
  [1m[35m (22.6ms)[0m  [1m[35mCOMMIT[0m
  ↳ app/models/user.rb:43
Redirected to http://localhost:3000/session/new
Completed 302 Found in 247ms (ActiveRecord: 120.2ms)


Started GET "/session/new" for ::1 at 2022-07-06 15:01:50 -0400
Processing by SessionsController#new as HTML
  [1m[36mUser Load (0.6ms)[0m  [1m[34mSELECT  "users".* FROM "users" WHERE "users"."session_token" IS NULL LIMIT $1[0m  [["LIMIT", 1]]
  ↳ app/controllers/application_controller.rb:7
  Rendering sessions/new.html.erb within layouts/application
  Rendered sessions/new.html.erb within layouts/application (5.3ms)
  [1m[36mCACHE User Load (0.0ms)[0m  [1m[34mSELECT  "users".* FROM "users" WHERE "users"."session_token" IS NULL LIMIT $1[0m  [["LIMIT", 1]]
  ↳ app/controllers/application_controller.rb:7
Completed 200 OK in 443ms (Views: 420.0ms | ActiveRecord: 0.6ms)


Started GET "/session/new" for ::1 at 2022-07-06 15:01:53 -0400
Processing by SessionsController#new as HTML
  [1m[36mUser Load (3.4ms)[0m  [1m[34mSELECT  "users".* FROM "users" WHERE "users"."session_token" IS NULL LIMIT $1[0m  [["LIMIT", 1]]
  ↳ app/controllers/application_controller.rb:7
  Rendering sessions/new.html.erb within layouts/application
  Rendered sessions/new.html.erb within layouts/application (1.0ms)
  [1m[36mCACHE User Load (0.0ms)[0m  [1m[34mSELECT  "users".* FROM "users" WHERE "users"."session_token" IS NULL LIMIT $1[0m  [["LIMIT", 1]]
  ↳ app/controllers/application_controller.rb:7
Completed 200 OK in 71ms (Views: 65.3ms | ActiveRecord: 3.5ms)


Started GET "/session?user%5Bemail%5D=freddy%40idk.com&user%5Bpassword%5D=[FILTERED]" for ::1 at 2022-07-06 15:02:11 -0400
  
ActionController::RoutingError (No route matches [GET] "/session"):
  
actionpack (5.2.8) lib/action_dispatch/middleware/debug_exceptions.rb:65:in `call'
web-console (3.7.0) lib/web_console/middleware.rb:135:in `call_app'
web-console (3.7.0) lib/web_console/middleware.rb:30:in `block in call'
web-console (3.7.0) lib/web_console/middleware.rb:20:in `catch'
web-console (3.7.0) lib/web_console/middleware.rb:20:in `call'
actionpack (5.2.8) lib/action_dispatch/middleware/show_exceptions.rb:33:in `call'
railties (5.2.8) lib/rails/rack/logger.rb:38:in `call_app'
railties (5.2.8) lib/rails/rack/logger.rb:26:in `block in call'
activesupport (5.2.8) lib/active_support/tagged_logging.rb:71:in `block in tagged'
activesupport (5.2.8) lib/active_support/tagged_logging.rb:28:in `tagged'
activesupport (5.2.8) lib/active_support/tagged_logging.rb:71:in `tagged'
railties (5.2.8) lib/rails/rack/logger.rb:26:in `call'
sprockets-rails (3.4.2) lib/sprockets/rails/quiet_assets.rb:13:in `call'
actionpack (5.2.8) lib/action_dispatch/middleware/remote_ip.rb:81:in `call'
actionpack (5.2.8) lib/action_dispatch/middleware/request_id.rb:27:in `call'
rack (2.2.4) lib/rack/method_override.rb:24:in `call'
rack (2.2.4) lib/rack/runtime.rb:22:in `call'
activesupport (5.2.8) lib/active_support/cache/strategy/local_cache_middleware.rb:29:in `call'
actionpack (5.2.8) lib/action_dispatch/middleware/executor.rb:14:in `call'
actionpack (5.2.8) lib/action_dispatch/middleware/static.rb:127:in `call'
rack (2.2.4) lib/rack/sendfile.rb:110:in `call'
railties (5.2.8) lib/rails/engine.rb:524:in `call'
puma (3.12.6) lib/puma/configuration.rb:227:in `call'
puma (3.12.6) lib/puma/server.rb:706:in `handle_request'
puma (3.12.6) lib/puma/server.rb:476:in `process_client'
puma (3.12.6) lib/puma/server.rb:334:in `block in run'
puma (3.12.6) lib/puma/thread_pool.rb:135:in `block in spawn_thread'
Started GET "/session?user%5Bemail%5D=freddy%40idk.com&user%5Bpassword%5D=[FILTERED]" for ::1 at 2022-07-06 15:04:24 -0400
  
ActionController::RoutingError (No route matches [GET] "/session"):
  
actionpack (5.2.8) lib/action_dispatch/middleware/debug_exceptions.rb:65:in `call'
web-console (3.7.0) lib/web_console/middleware.rb:135:in `call_app'
web-console (3.7.0) lib/web_console/middleware.rb:30:in `block in call'
web-console (3.7.0) lib/web_console/middleware.rb:20:in `catch'
web-console (3.7.0) lib/web_console/middleware.rb:20:in `call'
actionpack (5.2.8) lib/action_dispatch/middleware/show_exceptions.rb:33:in `call'
railties (5.2.8) lib/rails/rack/logger.rb:38:in `call_app'
railties (5.2.8) lib/rails/rack/logger.rb:26:in `block in call'
activesupport (5.2.8) lib/active_support/tagged_logging.rb:71:in `block in tagged'
activesupport (5.2.8) lib/active_support/tagged_logging.rb:28:in `tagged'
activesupport (5.2.8) lib/active_support/tagged_logging.rb:71:in `tagged'
railties (5.2.8) lib/rails/rack/logger.rb:26:in `call'
sprockets-rails (3.4.2) lib/sprockets/rails/quiet_assets.rb:13:in `call'
actionpack (5.2.8) lib/action_dispatch/middleware/remote_ip.rb:81:in `call'
actionpack (5.2.8) lib/action_dispatch/middleware/request_id.rb:27:in `call'
rack (2.2.4) lib/rack/method_override.rb:24:in `call'
rack (2.2.4) lib/rack/runtime.rb:22:in `call'
activesupport (5.2.8) lib/active_support/cache/strategy/local_cache_middleware.rb:29:in `call'
actionpack (5.2.8) lib/action_dispatch/middleware/executor.rb:14:in `call'
actionpack (5.2.8) lib/action_dispatch/middleware/static.rb:127:in `call'
rack (2.2.4) lib/rack/sendfile.rb:110:in `call'
railties (5.2.8) lib/rails/engine.rb:524:in `call'
puma (3.12.6) lib/puma/configuration.rb:227:in `call'
puma (3.12.6) lib/puma/server.rb:706:in `handle_request'
puma (3.12.6) lib/puma/server.rb:476:in `process_client'
puma (3.12.6) lib/puma/server.rb:334:in `block in run'
puma (3.12.6) lib/puma/thread_pool.rb:135:in `block in spawn_thread'
Started GET "/session?user%5Bemail%5D=freddy%40idk.com&user%5Bpassword%5D=[FILTERED]" for ::1 at 2022-07-06 15:04:30 -0400
  
ActionController::RoutingError (No route matches [GET] "/session"):
  
actionpack (5.2.8) lib/action_dispatch/middleware/debug_exceptions.rb:65:in `call'
web-console (3.7.0) lib/web_console/middleware.rb:135:in `call_app'
web-console (3.7.0) lib/web_console/middleware.rb:30:in `block in call'
web-console (3.7.0) lib/web_console/middleware.rb:20:in `catch'
web-console (3.7.0) lib/web_console/middleware.rb:20:in `call'
actionpack (5.2.8) lib/action_dispatch/middleware/show_exceptions.rb:33:in `call'
railties (5.2.8) lib/rails/rack/logger.rb:38:in `call_app'
railties (5.2.8) lib/rails/rack/logger.rb:26:in `block in call'
activesupport (5.2.8) lib/active_support/tagged_logging.rb:71:in `block in tagged'
activesupport (5.2.8) lib/active_support/tagged_logging.rb:28:in `tagged'
activesupport (5.2.8) lib/active_support/tagged_logging.rb:71:in `tagged'
railties (5.2.8) lib/rails/rack/logger.rb:26:in `call'
sprockets-rails (3.4.2) lib/sprockets/rails/quiet_assets.rb:13:in `call'
actionpack (5.2.8) lib/action_dispatch/middleware/remote_ip.rb:81:in `call'
actionpack (5.2.8) lib/action_dispatch/middleware/request_id.rb:27:in `call'
rack (2.2.4) lib/rack/method_override.rb:24:in `call'
rack (2.2.4) lib/rack/runtime.rb:22:in `call'
activesupport (5.2.8) lib/active_support/cache/strategy/local_cache_middleware.rb:29:in `call'
actionpack (5.2.8) lib/action_dispatch/middleware/executor.rb:14:in `call'
actionpack (5.2.8) lib/action_dispatch/middleware/static.rb:127:in `call'
rack (2.2.4) lib/rack/sendfile.rb:110:in `call'
railties (5.2.8) lib/rails/engine.rb:524:in `call'
puma (3.12.6) lib/puma/configuration.rb:227:in `call'
puma (3.12.6) lib/puma/server.rb:706:in `handle_request'
puma (3.12.6) lib/puma/server.rb:476:in `process_client'
puma (3.12.6) lib/puma/server.rb:334:in `block in run'
puma (3.12.6) lib/puma/thread_pool.rb:135:in `block in spawn_thread'
Started GET "/" for ::1 at 2022-07-06 15:04:47 -0400
  [1m[35m (2.1ms)[0m  [1m[34mSELECT "schema_migrations"."version" FROM "schema_migrations" ORDER BY "schema_migrations"."version" ASC[0m
  ↳ /Users/appacademystudent/.rbenv/versions/2.5.1/lib/ruby/gems/2.5.0/gems/activerecord-5.2.8/lib/active_record/log_subscriber.rb:98
Processing by Rails::WelcomeController#index as HTML
  Rendering /Users/appacademystudent/.rbenv/versions/2.5.1/lib/ruby/gems/2.5.0/gems/railties-5.2.8/lib/rails/templates/rails/welcome/index.html.erb
  Rendered /Users/appacademystudent/.rbenv/versions/2.5.1/lib/ruby/gems/2.5.0/gems/railties-5.2.8/lib/rails/templates/rails/welcome/index.html.erb (9.3ms)
Completed 200 OK in 40ms (Views: 24.1ms | ActiveRecord: 0.0ms)


Started GET "/session/new" for ::1 at 2022-07-06 15:04:57 -0400
Processing by SessionsController#new as HTML
  [1m[36mUser Load (1.3ms)[0m  [1m[34mSELECT  "users".* FROM "users" WHERE "users"."session_token" IS NULL LIMIT $1[0m  [["LIMIT", 1]]
  ↳ app/controllers/application_controller.rb:7
  Rendering sessions/new.html.erb within layouts/application
  Rendered sessions/new.html.erb within layouts/application (1.7ms)
  [1m[36mCACHE User Load (0.0ms)[0m  [1m[34mSELECT  "users".* FROM "users" WHERE "users"."session_token" IS NULL LIMIT $1[0m  [["LIMIT", 1]]
  ↳ app/controllers/application_controller.rb:7
Completed 200 OK in 406ms (Views: 295.2ms | ActiveRecord: 87.4ms)


Started POST "/session" for ::1 at 2022-07-06 15:05:11 -0400
Processing by SessionsController#create as HTML
  Parameters: {"user"=>{"email"=>"freddy@idk.com", "password"=>"[FILTERED]"}}
  [1m[36mUser Load (3.7ms)[0m  [1m[34mSELECT  "users".* FROM "users" WHERE "users"."session_token" IS NULL LIMIT $1[0m  [["LIMIT", 1]]
  ↳ app/controllers/application_controller.rb:7
  [1m[36mUser Load (0.6ms)[0m  [1m[34mSELECT  "users".* FROM "users" WHERE "users"."email" = $1 LIMIT $2[0m  [["email", "freddy@idk.com"], ["LIMIT", 1]]
  ↳ app/models/user.rb:19
  Rendering sessions/new.html.erb within layouts/application
  Rendered sessions/new.html.erb within layouts/application (7.9ms)
Completed 500 Internal Server Error in 352ms (ActiveRecord: 4.3ms)



NoMethodError - undefined method `email' for nil:NilClass:
  app/views/sessions/new.html.erb:6:in `_app_views_sessions_new_html_erb__1557409035254401128_70209269770540'
  app/controllers/sessions_controller.rb:17:in `create'

Started POST "/__better_errors/c69bf21d7c629bd4/variables" for ::1 at 2022-07-06 15:05:12 -0400
Started POST "/session" for ::1 at 2022-07-06 15:05:35 -0400
Processing by SessionsController#create as HTML
  Parameters: {"user"=>{"email"=>"freddy@idk.com", "password"=>"[FILTERED]"}}
  [1m[36mUser Load (32.8ms)[0m  [1m[34mSELECT  "users".* FROM "users" WHERE "users"."session_token" IS NULL LIMIT $1[0m  [["LIMIT", 1]]
  ↳ app/controllers/application_controller.rb:7
  [1m[36mUser Load (12.1ms)[0m  [1m[34mSELECT  "users".* FROM "users" WHERE "users"."email" = $1 LIMIT $2[0m  [["email", "freddy@idk.com"], ["LIMIT", 1]]
  ↳ app/models/user.rb:19
  Rendering sessions/new.html.erb within layouts/application
  Rendered sessions/new.html.erb within layouts/application (1.5ms)
  [1m[36mCACHE User Load (0.0ms)[0m  [1m[34mSELECT  "users".* FROM "users" WHERE "users"."session_token" IS NULL LIMIT $1[0m  [["LIMIT", 1]]
  ↳ app/controllers/application_controller.rb:7
Completed 200 OK in 469ms (Views: 76.7ms | ActiveRecord: 45.0ms)


Started GET "/users/new" for ::1 at 2022-07-06 15:10:33 -0400
  [1m[35m (1.1ms)[0m  [1m[34mSELECT "schema_migrations"."version" FROM "schema_migrations" ORDER BY "schema_migrations"."version" ASC[0m
  ↳ /Users/appacademystudent/.rbenv/versions/2.5.1/lib/ruby/gems/2.5.0/gems/activerecord-5.2.8/lib/active_record/log_subscriber.rb:98
Processing by UsersController#new as HTML
  [1m[36mUser Load (1.7ms)[0m  [1m[34mSELECT  "users".* FROM "users" WHERE "users"."session_token" IS NULL LIMIT $1[0m  [["LIMIT", 1]]
  ↳ app/controllers/application_controller.rb:7
  Rendering users/new.html.erb within layouts/application
  Rendered users/new.html.erb within layouts/application (2.2ms)
  [1m[36mCACHE User Load (0.0ms)[0m  [1m[34mSELECT  "users".* FROM "users" WHERE "users"."session_token" IS NULL LIMIT $1[0m  [["LIMIT", 1]]
  ↳ app/controllers/application_controller.rb:7
Completed 200 OK in 482ms (Views: 422.2ms | ActiveRecord: 29.2ms)


Started POST "/users" for ::1 at 2022-07-06 15:11:04 -0400
Processing by UsersController#create as HTML
  Parameters: {"user"=>{"email"=>"test@test.com", "password"=>"[FILTERED]"}}
  [1m[36mUser Load (4.7ms)[0m  [1m[34mSELECT  "users".* FROM "users" WHERE "users"."session_token" IS NULL LIMIT $1[0m  [["LIMIT", 1]]
  ↳ app/controllers/application_controller.rb:7
  [1m[35m (0.3ms)[0m  [1m[35mBEGIN[0m
  ↳ app/controllers/users_controller.rb:17
  [1m[36mUser Exists (0.9ms)[0m  [1m[34mSELECT  1 AS one FROM "users" WHERE "users"."email" = $1 LIMIT $2[0m  [["email", "test@test.com"], ["LIMIT", 1]]
  ↳ app/controllers/users_controller.rb:17
  [1m[36mUser Exists (0.6ms)[0m  [1m[34mSELECT  1 AS one FROM "users" WHERE "users"."session_token" = $1 LIMIT $2[0m  [["session_token", "9SXQzZRnE5MGakeUeevqqA"], ["LIMIT", 1]]
  ↳ app/controllers/users_controller.rb:17
  [1m[36mUser Create (1.1ms)[0m  [1m[32mINSERT INTO "users" ("email", "password_digest", "session_token") VALUES ($1, $2, $3) RETURNING "id"[0m  [["email", "test@test.com"], ["password_digest", "$2a$12$pK./7QbaMS97D1a2yvlxNOMEsKjd0RjpUQL5dGabtwKTgnHvM77HK"], ["session_token", "9SXQzZRnE5MGakeUeevqqA"]]
  ↳ app/controllers/users_controller.rb:17
  [1m[35m (5.5ms)[0m  [1m[35mCOMMIT[0m
  ↳ app/controllers/users_controller.rb:17
  [1m[35m (0.6ms)[0m  [1m[35mBEGIN[0m
  ↳ app/models/user.rb:43
  [1m[36mUser Exists (1.4ms)[0m  [1m[34mSELECT  1 AS one FROM "users" WHERE "users"."email" = $1 AND "users"."id" != $2 LIMIT $3[0m  [["email", "test@test.com"], ["id", 2], ["LIMIT", 1]]
  ↳ app/models/user.rb:43
  [1m[36mUser Exists (1.2ms)[0m  [1m[34mSELECT  1 AS one FROM "users" WHERE "users"."session_token" = $1 AND "users"."id" != $2 LIMIT $3[0m  [["session_token", "Vapik_sk0i7gZ2k3JAE7Ig"], ["id", 2], ["LIMIT", 1]]
  ↳ app/models/user.rb:43
  [1m[36mUser Update (1.1ms)[0m  [1m[33mUPDATE "users" SET "session_token" = $1 WHERE "users"."id" = $2[0m  [["session_token", "Vapik_sk0i7gZ2k3JAE7Ig"], ["id", 2]]
  ↳ app/models/user.rb:43
  [1m[35m (2.8ms)[0m  [1m[35mCOMMIT[0m
  ↳ app/models/user.rb:43
Redirected to http://localhost:3000/users/2
Completed 302 Found in 535ms (ActiveRecord: 20.1ms)


Started GET "/users/2" for ::1 at 2022-07-06 15:11:05 -0400
Processing by UsersController#show as HTML
  Parameters: {"id"=>"2"}
  [1m[36mUser Load (2.0ms)[0m  [1m[34mSELECT  "users".* FROM "users" WHERE "users"."session_token" = $1 LIMIT $2[0m  [["session_token", "Vapik_sk0i7gZ2k3JAE7Ig"], ["LIMIT", 1]]
  ↳ app/controllers/application_controller.rb:7
  Rendering users/show.html.erb within layouts/application
  Rendered users/show.html.erb within layouts/application (5.9ms)
Completed 200 OK in 95ms (Views: 83.1ms | ActiveRecord: 2.0ms)


Started DELETE "/session" for ::1 at 2022-07-06 15:11:08 -0400
Processing by SessionsController#destroy as HTML
  [1m[36mUser Load (19.3ms)[0m  [1m[34mSELECT  "users".* FROM "users" WHERE "users"."session_token" = $1 LIMIT $2[0m  [["session_token", "Vapik_sk0i7gZ2k3JAE7Ig"], ["LIMIT", 1]]
  ↳ app/controllers/application_controller.rb:7
  [1m[35m (11.0ms)[0m  [1m[35mBEGIN[0m
  ↳ app/models/user.rb:43
  [1m[36mUser Exists (2.1ms)[0m  [1m[34mSELECT  1 AS one FROM "users" WHERE "users"."email" = $1 AND "users"."id" != $2 LIMIT $3[0m  [["email", "test@test.com"], ["id", 2], ["LIMIT", 1]]
  ↳ app/models/user.rb:43
  [1m[36mUser Exists (2.3ms)[0m  [1m[34mSELECT  1 AS one FROM "users" WHERE "users"."session_token" = $1 AND "users"."id" != $2 LIMIT $3[0m  [["session_token", "Id9asM1wqDW9nOKVov1BGQ"], ["id", 2], ["LIMIT", 1]]
  ↳ app/models/user.rb:43
  [1m[36mUser Update (1.9ms)[0m  [1m[33mUPDATE "users" SET "session_token" = $1 WHERE "users"."id" = $2[0m  [["session_token", "Id9asM1wqDW9nOKVov1BGQ"], ["id", 2]]
  ↳ app/models/user.rb:43
  [1m[35m (1.4ms)[0m  [1m[35mCOMMIT[0m
  ↳ app/models/user.rb:43
Redirected to http://localhost:3000/session/new
Completed 302 Found in 45ms (ActiveRecord: 37.9ms)


Started GET "/session/new" for ::1 at 2022-07-06 15:11:08 -0400
Processing by SessionsController#new as HTML
  [1m[36mUser Load (2.5ms)[0m  [1m[34mSELECT  "users".* FROM "users" WHERE "users"."session_token" IS NULL LIMIT $1[0m  [["LIMIT", 1]]
  ↳ app/controllers/application_controller.rb:7
  Rendering sessions/new.html.erb within layouts/application
  Rendered sessions/new.html.erb within layouts/application (2.8ms)
  [1m[36mCACHE User Load (0.0ms)[0m  [1m[34mSELECT  "users".* FROM "users" WHERE "users"."session_token" IS NULL LIMIT $1[0m  [["LIMIT", 1]]
  ↳ app/controllers/application_controller.rb:7
Completed 200 OK in 78ms (Views: 72.9ms | ActiveRecord: 2.5ms)


Started GET "/session/new" for ::1 at 2022-07-06 15:11:10 -0400
Processing by SessionsController#new as HTML
  [1m[36mUser Load (3.3ms)[0m  [1m[34mSELECT  "users".* FROM "users" WHERE "users"."session_token" IS NULL LIMIT $1[0m  [["LIMIT", 1]]
  ↳ app/controllers/application_controller.rb:7
  Rendering sessions/new.html.erb within layouts/application
  Rendered sessions/new.html.erb within layouts/application (0.9ms)
  [1m[36mCACHE User Load (0.0ms)[0m  [1m[34mSELECT  "users".* FROM "users" WHERE "users"."session_token" IS NULL LIMIT $1[0m  [["LIMIT", 1]]
  ↳ app/controllers/application_controller.rb:7
Completed 200 OK in 55ms (Views: 49.5ms | ActiveRecord: 3.4ms)


Started POST "/session" for ::1 at 2022-07-06 15:11:20 -0400
Processing by SessionsController#create as HTML
  Parameters: {"user"=>{"email"=>"test@test.com", "password"=>"[FILTERED]"}}
  [1m[36mUser Load (11.9ms)[0m  [1m[34mSELECT  "users".* FROM "users" WHERE "users"."session_token" IS NULL LIMIT $1[0m  [["LIMIT", 1]]
  ↳ app/controllers/application_controller.rb:7
  [1m[36mUser Load (0.6ms)[0m  [1m[34mSELECT  "users".* FROM "users" WHERE "users"."email" = $1 LIMIT $2[0m  [["email", "test@test.com"], ["LIMIT", 1]]
  ↳ app/models/user.rb:19
  [1m[35m (0.5ms)[0m  [1m[35mBEGIN[0m
  ↳ app/models/user.rb:43
  [1m[36mUser Exists (1.1ms)[0m  [1m[34mSELECT  1 AS one FROM "users" WHERE "users"."email" = $1 AND "users"."id" != $2 LIMIT $3[0m  [["email", "test@test.com"], ["id", 2], ["LIMIT", 1]]
  ↳ app/models/user.rb:43
  [1m[36mUser Exists (8.4ms)[0m  [1m[34mSELECT  1 AS one FROM "users" WHERE "users"."session_token" = $1 AND "users"."id" != $2 LIMIT $3[0m  [["session_token", "BNg_vZ5Lh2LdtIupuoHbHA"], ["id", 2], ["LIMIT", 1]]
  ↳ app/models/user.rb:43
  [1m[36mUser Update (6.0ms)[0m  [1m[33mUPDATE "users" SET "session_token" = $1 WHERE "users"."id" = $2[0m  [["session_token", "BNg_vZ5Lh2LdtIupuoHbHA"], ["id", 2]]
  ↳ app/models/user.rb:43
  [1m[35m (4.9ms)[0m  [1m[35mCOMMIT[0m
  ↳ app/models/user.rb:43
Redirected to http://localhost:3000/users/2
Completed 302 Found in 493ms (ActiveRecord: 33.4ms)


Started GET "/users/2" for ::1 at 2022-07-06 15:11:20 -0400
Processing by UsersController#show as HTML
  Parameters: {"id"=>"2"}
  [1m[36mUser Load (8.5ms)[0m  [1m[34mSELECT  "users".* FROM "users" WHERE "users"."session_token" = $1 LIMIT $2[0m  [["session_token", "BNg_vZ5Lh2LdtIupuoHbHA"], ["LIMIT", 1]]
  ↳ app/controllers/application_controller.rb:7
  Rendering users/show.html.erb within layouts/application
  Rendered users/show.html.erb within layouts/application (0.7ms)
Completed 200 OK in 136ms (Views: 123.1ms | ActiveRecord: 8.5ms)


Started DELETE "/session" for ::1 at 2022-07-06 15:11:30 -0400
Processing by SessionsController#destroy as HTML
  [1m[36mUser Load (9.1ms)[0m  [1m[34mSELECT  "users".* FROM "users" WHERE "users"."session_token" = $1 LIMIT $2[0m  [["session_token", "BNg_vZ5Lh2LdtIupuoHbHA"], ["LIMIT", 1]]
  ↳ app/controllers/application_controller.rb:7
  [1m[35m (17.7ms)[0m  [1m[35mBEGIN[0m
  ↳ app/models/user.rb:43
  [1m[36mUser Exists (2.3ms)[0m  [1m[34mSELECT  1 AS one FROM "users" WHERE "users"."email" = $1 AND "users"."id" != $2 LIMIT $3[0m  [["email", "test@test.com"], ["id", 2], ["LIMIT", 1]]
  ↳ app/models/user.rb:43
  [1m[36mUser Exists (10.4ms)[0m  [1m[34mSELECT  1 AS one FROM "users" WHERE "users"."session_token" = $1 AND "users"."id" != $2 LIMIT $3[0m  [["session_token", "HOm2NmC6i0VCYvrFARtkiQ"], ["id", 2], ["LIMIT", 1]]
  ↳ app/models/user.rb:43
  [1m[36mUser Update (28.6ms)[0m  [1m[33mUPDATE "users" SET "session_token" = $1 WHERE "users"."id" = $2[0m  [["session_token", "HOm2NmC6i0VCYvrFARtkiQ"], ["id", 2]]
  ↳ app/models/user.rb:43
  [1m[35m (17.5ms)[0m  [1m[35mCOMMIT[0m
  ↳ app/models/user.rb:43
Redirected to http://localhost:3000/session/new
Completed 302 Found in 104ms (ActiveRecord: 85.4ms)


Started GET "/session/new" for ::1 at 2022-07-06 15:11:30 -0400
Processing by SessionsController#new as HTML
  [1m[36mUser Load (0.7ms)[0m  [1m[34mSELECT  "users".* FROM "users" WHERE "users"."session_token" IS NULL LIMIT $1[0m  [["LIMIT", 1]]
  ↳ app/controllers/application_controller.rb:7
  Rendering sessions/new.html.erb within layouts/application
  Rendered sessions/new.html.erb within layouts/application (0.9ms)
  [1m[36mCACHE User Load (0.0ms)[0m  [1m[34mSELECT  "users".* FROM "users" WHERE "users"."session_token" IS NULL LIMIT $1[0m  [["LIMIT", 1]]
  ↳ app/controllers/application_controller.rb:7
Completed 200 OK in 67ms (Views: 62.7ms | ActiveRecord: 0.7ms)


Started GET "/session/new" for ::1 at 2022-07-06 15:11:31 -0400
Processing by SessionsController#new as HTML
  [1m[36mUser Load (4.1ms)[0m  [1m[34mSELECT  "users".* FROM "users" WHERE "users"."session_token" IS NULL LIMIT $1[0m  [["LIMIT", 1]]
  ↳ app/controllers/application_controller.rb:7
  Rendering sessions/new.html.erb within layouts/application
  Rendered sessions/new.html.erb within layouts/application (1.4ms)
  [1m[36mCACHE User Load (0.0ms)[0m  [1m[34mSELECT  "users".* FROM "users" WHERE "users"."session_token" IS NULL LIMIT $1[0m  [["LIMIT", 1]]
  ↳ app/controllers/application_controller.rb:7
Completed 200 OK in 58ms (Views: 49.9ms | ActiveRecord: 4.1ms)


Started GET "/session/new" for ::1 at 2022-07-06 15:16:52 -0400
  [1m[35m (1.2ms)[0m  [1m[34mSELECT "schema_migrations"."version" FROM "schema_migrations" ORDER BY "schema_migrations"."version" ASC[0m
  ↳ /Users/appacademystudent/.rbenv/versions/2.5.1/lib/ruby/gems/2.5.0/gems/activerecord-5.2.8/lib/active_record/log_subscriber.rb:98
Processing by SessionsController#new as HTML
  [1m[36mUser Load (0.8ms)[0m  [1m[34mSELECT  "users".* FROM "users" WHERE "users"."session_token" IS NULL LIMIT $1[0m  [["LIMIT", 1]]
  ↳ app/controllers/application_controller.rb:7
  Rendering sessions/new.html.erb within layouts/application
  Rendered sessions/new.html.erb within layouts/application (4.3ms)
  [1m[36mCACHE User Load (0.0ms)[0m  [1m[34mSELECT  "users".* FROM "users" WHERE "users"."session_token" IS NULL LIMIT $1[0m  [["LIMIT", 1]]
  ↳ app/controllers/application_controller.rb:7
Completed 200 OK in 416ms (Views: 384.0ms | ActiveRecord: 7.6ms)


Started GET "/users/new" for ::1 at 2022-07-06 15:16:55 -0400
Processing by UsersController#new as HTML
  [1m[36mUser Load (2.7ms)[0m  [1m[34mSELECT  "users".* FROM "users" WHERE "users"."session_token" IS NULL LIMIT $1[0m  [["LIMIT", 1]]
  ↳ app/controllers/application_controller.rb:7
  Rendering users/new.html.erb within layouts/application
  Rendered users/new.html.erb within layouts/application (1.0ms)
  [1m[36mCACHE User Load (0.0ms)[0m  [1m[34mSELECT  "users".* FROM "users" WHERE "users"."session_token" IS NULL LIMIT $1[0m  [["LIMIT", 1]]
  ↳ app/controllers/application_controller.rb:7
Completed 200 OK in 84ms (Views: 32.0ms | ActiveRecord: 42.9ms)


Started POST "/users" for ::1 at 2022-07-06 15:17:11 -0400
Processing by UsersController#create as HTML
  Parameters: {"authenticity_token"=>"fzvozttGepV/19bsyHpQBTlDLfpnYfYg1UuuFNosMQxmZwSh2DBAg55VUr6cAYMjPMVF49pwNucBsJ1IGbjQPg==", "user"=>{"email"=>"bigmike@yeet.com", "password"=>"[FILTERED]"}}
  [1m[36mUser Load (7.0ms)[0m  [1m[34mSELECT  "users".* FROM "users" WHERE "users"."session_token" IS NULL LIMIT $1[0m  [["LIMIT", 1]]
  ↳ app/controllers/application_controller.rb:7
  [1m[35m (0.3ms)[0m  [1m[35mBEGIN[0m
  ↳ app/controllers/users_controller.rb:17
  [1m[36mUser Exists (1.7ms)[0m  [1m[34mSELECT  1 AS one FROM "users" WHERE "users"."email" = $1 LIMIT $2[0m  [["email", "bigmike@yeet.com"], ["LIMIT", 1]]
  ↳ app/controllers/users_controller.rb:17
  [1m[36mUser Exists (11.2ms)[0m  [1m[34mSELECT  1 AS one FROM "users" WHERE "users"."session_token" = $1 LIMIT $2[0m  [["session_token", "V87g5zMFJZ2CbSMSV7ttmA"], ["LIMIT", 1]]
  ↳ app/controllers/users_controller.rb:17
  [1m[36mUser Create (2.4ms)[0m  [1m[32mINSERT INTO "users" ("email", "password_digest", "session_token") VALUES ($1, $2, $3) RETURNING "id"[0m  [["email", "bigmike@yeet.com"], ["password_digest", "$2a$12$qIWY4A8AOW2vcO5qGgbBX.9T2Xe1MahCuPKhx8IZqY8tmzRdmEDdy"], ["session_token", "V87g5zMFJZ2CbSMSV7ttmA"]]
  ↳ app/controllers/users_controller.rb:17
  [1m[35m (11.0ms)[0m  [1m[35mCOMMIT[0m
  ↳ app/controllers/users_controller.rb:17
  [1m[35m (4.9ms)[0m  [1m[35mBEGIN[0m
  ↳ app/models/user.rb:43
  [1m[36mUser Exists (10.6ms)[0m  [1m[34mSELECT  1 AS one FROM "users" WHERE "users"."email" = $1 AND "users"."id" != $2 LIMIT $3[0m  [["email", "bigmike@yeet.com"], ["id", 3], ["LIMIT", 1]]
  ↳ app/models/user.rb:43
  [1m[36mUser Exists (3.9ms)[0m  [1m[34mSELECT  1 AS one FROM "users" WHERE "users"."session_token" = $1 AND "users"."id" != $2 LIMIT $3[0m  [["session_token", "EpzkuT9EJwvhcwiE00F7nQ"], ["id", 3], ["LIMIT", 1]]
  ↳ app/models/user.rb:43
  [1m[36mUser Update (3.0ms)[0m  [1m[33mUPDATE "users" SET "session_token" = $1 WHERE "users"."id" = $2[0m  [["session_token", "EpzkuT9EJwvhcwiE00F7nQ"], ["id", 3]]
  ↳ app/models/user.rb:43
  [1m[35m (7.9ms)[0m  [1m[35mCOMMIT[0m
  ↳ app/models/user.rb:43
Redirected to http://localhost:3000/users/3
Completed 302 Found in 389ms (ActiveRecord: 63.8ms)


Started GET "/users/3" for ::1 at 2022-07-06 15:17:12 -0400
Processing by UsersController#show as HTML
  Parameters: {"id"=>"3"}
  [1m[36mUser Load (0.6ms)[0m  [1m[34mSELECT  "users".* FROM "users" WHERE "users"."session_token" = $1 LIMIT $2[0m  [["session_token", "EpzkuT9EJwvhcwiE00F7nQ"], ["LIMIT", 1]]
  ↳ app/controllers/application_controller.rb:7
  Rendering users/show.html.erb within layouts/application
  Rendered users/show.html.erb within layouts/application (1.1ms)
Completed 200 OK in 65ms (Views: 48.4ms | ActiveRecord: 0.6ms)


Started DELETE "/session" for ::1 at 2022-07-06 15:17:20 -0400
Processing by SessionsController#destroy as HTML
  Parameters: {"authenticity_token"=>"NPFC1/ZHgPwGORg5r7HftjqQFrxyGv5IsO68Jm2im50tra649TG66ue7nGv7ygyQPxZ+pc8LPo9kFY96rjZ6rw=="}
  [1m[36mUser Load (4.0ms)[0m  [1m[34mSELECT  "users".* FROM "users" WHERE "users"."session_token" = $1 LIMIT $2[0m  [["session_token", "EpzkuT9EJwvhcwiE00F7nQ"], ["LIMIT", 1]]
  ↳ app/controllers/application_controller.rb:7
  [1m[35m (13.0ms)[0m  [1m[35mBEGIN[0m
  ↳ app/models/user.rb:43
  [1m[36mUser Exists (14.0ms)[0m  [1m[34mSELECT  1 AS one FROM "users" WHERE "users"."email" = $1 AND "users"."id" != $2 LIMIT $3[0m  [["email", "bigmike@yeet.com"], ["id", 3], ["LIMIT", 1]]
  ↳ app/models/user.rb:43
  [1m[36mUser Exists (11.2ms)[0m  [1m[34mSELECT  1 AS one FROM "users" WHERE "users"."session_token" = $1 AND "users"."id" != $2 LIMIT $3[0m  [["session_token", "m6aixyNRbfOeG1DGPBmilg"], ["id", 3], ["LIMIT", 1]]
  ↳ app/models/user.rb:43
  [1m[36mUser Update (5.3ms)[0m  [1m[33mUPDATE "users" SET "session_token" = $1 WHERE "users"."id" = $2[0m  [["session_token", "m6aixyNRbfOeG1DGPBmilg"], ["id", 3]]
  ↳ app/models/user.rb:43
  [1m[35m (10.6ms)[0m  [1m[35mCOMMIT[0m
  ↳ app/models/user.rb:43
Redirected to http://localhost:3000/session/new
Completed 302 Found in 71ms (ActiveRecord: 58.1ms)


Started GET "/session/new" for ::1 at 2022-07-06 15:17:20 -0400
Processing by SessionsController#new as HTML
  [1m[36mUser Load (6.1ms)[0m  [1m[34mSELECT  "users".* FROM "users" WHERE "users"."session_token" IS NULL LIMIT $1[0m  [["LIMIT", 1]]
  ↳ app/controllers/application_controller.rb:7
  Rendering sessions/new.html.erb within layouts/application
  Rendered sessions/new.html.erb within layouts/application (2.1ms)
  [1m[36mCACHE User Load (0.0ms)[0m  [1m[34mSELECT  "users".* FROM "users" WHERE "users"."session_token" IS NULL LIMIT $1[0m  [["LIMIT", 1]]
  ↳ app/controllers/application_controller.rb:7
Completed 200 OK in 62ms (Views: 52.5ms | ActiveRecord: 6.1ms)


Started GET "/session/new" for ::1 at 2022-07-06 15:17:23 -0400
Processing by SessionsController#new as HTML
  [1m[36mUser Load (3.5ms)[0m  [1m[34mSELECT  "users".* FROM "users" WHERE "users"."session_token" IS NULL LIMIT $1[0m  [["LIMIT", 1]]
  ↳ app/controllers/application_controller.rb:7
  Rendering sessions/new.html.erb within layouts/application
  Rendered sessions/new.html.erb within layouts/application (1.2ms)
  [1m[36mCACHE User Load (0.1ms)[0m  [1m[34mSELECT  "users".* FROM "users" WHERE "users"."session_token" IS NULL LIMIT $1[0m  [["LIMIT", 1]]
  ↳ app/controllers/application_controller.rb:7
Completed 200 OK in 58ms (Views: 52.1ms | ActiveRecord: 3.5ms)


Started POST "/session" for ::1 at 2022-07-06 15:17:31 -0400
Processing by SessionsController#create as HTML
  Parameters: {"authenticity_token"=>"hxFMlGxh2j6t6qFFMYkxDSIPHaduD0Mbx0MjAt67yTGeTaD7bxfgKExoJRdl8uIrJ4l1vtMeg9wTuBBeHS8oAw==", "user"=>{"email"=>"bigmike@yeet.com", "password"=>"[FILTERED]"}}
  [1m[36mUser Load (8.1ms)[0m  [1m[34mSELECT  "users".* FROM "users" WHERE "users"."session_token" IS NULL LIMIT $1[0m  [["LIMIT", 1]]
  ↳ app/controllers/application_controller.rb:7
  [1m[36mUser Load (0.6ms)[0m  [1m[34mSELECT  "users".* FROM "users" WHERE "users"."email" = $1 LIMIT $2[0m  [["email", "bigmike@yeet.com"], ["LIMIT", 1]]
  ↳ app/models/user.rb:19
  [1m[35m (0.3ms)[0m  [1m[35mBEGIN[0m
  ↳ app/models/user.rb:43
  [1m[36mUser Exists (1.8ms)[0m  [1m[34mSELECT  1 AS one FROM "users" WHERE "users"."email" = $1 AND "users"."id" != $2 LIMIT $3[0m  [["email", "bigmike@yeet.com"], ["id", 3], ["LIMIT", 1]]
  ↳ app/models/user.rb:43
  [1m[36mUser Exists (0.8ms)[0m  [1m[34mSELECT  1 AS one FROM "users" WHERE "users"."session_token" = $1 AND "users"."id" != $2 LIMIT $3[0m  [["session_token", "tZAGTC6UUsBgL57OliCtnQ"], ["id", 3], ["LIMIT", 1]]
  ↳ app/models/user.rb:43
  [1m[36mUser Update (0.9ms)[0m  [1m[33mUPDATE "users" SET "session_token" = $1 WHERE "users"."id" = $2[0m  [["session_token", "tZAGTC6UUsBgL57OliCtnQ"], ["id", 3]]
  ↳ app/models/user.rb:43
  [1m[35m (2.3ms)[0m  [1m[35mCOMMIT[0m
  ↳ app/models/user.rb:43
Redirected to http://localhost:3000/users/3
Completed 302 Found in 395ms (ActiveRecord: 14.8ms)


Started GET "/users/3" for ::1 at 2022-07-06 15:17:32 -0400
Processing by UsersController#show as HTML
  Parameters: {"id"=>"3"}
  [1m[36mUser Load (0.7ms)[0m  [1m[34mSELECT  "users".* FROM "users" WHERE "users"."session_token" = $1 LIMIT $2[0m  [["session_token", "tZAGTC6UUsBgL57OliCtnQ"], ["LIMIT", 1]]
  ↳ app/controllers/application_controller.rb:7
  Rendering users/show.html.erb within layouts/application
  Rendered users/show.html.erb within layouts/application (1.8ms)
Completed 200 OK in 81ms (Views: 63.8ms | ActiveRecord: 0.7ms)


Started GET "/users/3" for ::1 at 2022-07-06 15:24:35 -0400
  [1m[35m (1.1ms)[0m  [1m[34mSELECT "schema_migrations"."version" FROM "schema_migrations" ORDER BY "schema_migrations"."version" ASC[0m
  ↳ /Users/appacademystudent/.rbenv/versions/2.5.1/lib/ruby/gems/2.5.0/gems/activerecord-5.2.8/lib/active_record/log_subscriber.rb:98
Processing by UsersController#show as HTML
  Parameters: {"id"=>"3"}
  [1m[36mUser Load (1.0ms)[0m  [1m[34mSELECT  "users".* FROM "users" WHERE "users"."session_token" = $1 LIMIT $2[0m  [["session_token", "tZAGTC6UUsBgL57OliCtnQ"], ["LIMIT", 1]]
  ↳ app/controllers/application_controller.rb:7
  Rendering users/show.html.erb within layouts/application
  Rendered users/show.html.erb within layouts/application (4.7ms)
Completed 200 OK in 454ms (Views: 406.2ms | ActiveRecord: 18.9ms)


Started DELETE "/session" for ::1 at 2022-07-06 15:26:20 -0400
Processing by SessionsController#destroy as HTML
  Parameters: {"authenticity_token"=>"9+ZMy8vAgQYK56vflJkdRRnM+VhPCY6RLLiZP8cdNnvuuqCkyLa7EOtlL43A4s5jHEqRQfIYTlb4Q6pjBInXSQ=="}
  [1m[36mUser Load (0.9ms)[0m  [1m[34mSELECT  "users".* FROM "users" WHERE "users"."session_token" = $1 LIMIT $2[0m  [["session_token", "tZAGTC6UUsBgL57OliCtnQ"], ["LIMIT", 1]]
  ↳ app/controllers/application_controller.rb:7
  [1m[35m (3.4ms)[0m  [1m[35mBEGIN[0m
  ↳ app/models/user.rb:43
  [1m[36mUser Exists (2.8ms)[0m  [1m[34mSELECT  1 AS one FROM "users" WHERE "users"."email" = $1 AND "users"."id" != $2 LIMIT $3[0m  [["email", "bigmike@yeet.com"], ["id", 3], ["LIMIT", 1]]
  ↳ app/models/user.rb:43
  [1m[36mUser Exists (7.0ms)[0m  [1m[34mSELECT  1 AS one FROM "users" WHERE "users"."session_token" = $1 AND "users"."id" != $2 LIMIT $3[0m  [["session_token", "odvL_8MwbJOMQD8LK_DdeA"], ["id", 3], ["LIMIT", 1]]
  ↳ app/models/user.rb:43
  [1m[36mUser Update (2.9ms)[0m  [1m[33mUPDATE "users" SET "session_token" = $1 WHERE "users"."id" = $2[0m  [["session_token", "odvL_8MwbJOMQD8LK_DdeA"], ["id", 3]]
  ↳ app/models/user.rb:43
  [1m[35m (11.1ms)[0m  [1m[35mCOMMIT[0m
  ↳ app/models/user.rb:43
Redirected to http://localhost:3000/session/new
Completed 302 Found in 45ms (ActiveRecord: 28.2ms)


Started GET "/session/new" for ::1 at 2022-07-06 15:26:20 -0400
Processing by SessionsController#new as HTML
  [1m[36mUser Load (0.6ms)[0m  [1m[34mSELECT  "users".* FROM "users" WHERE "users"."session_token" IS NULL LIMIT $1[0m  [["LIMIT", 1]]
  ↳ app/controllers/application_controller.rb:7
  Rendering sessions/new.html.erb within layouts/application
  Rendered sessions/new.html.erb within layouts/application (0.9ms)
  [1m[36mCACHE User Load (0.1ms)[0m  [1m[34mSELECT  "users".* FROM "users" WHERE "users"."session_token" IS NULL LIMIT $1[0m  [["LIMIT", 1]]
  ↳ app/controllers/application_controller.rb:7
Completed 200 OK in 54ms (Views: 45.4ms | ActiveRecord: 0.7ms)


Started GET "/session/new" for ::1 at 2022-07-06 15:26:50 -0400
Processing by SessionsController#new as HTML
  [1m[36mUser Load (5.9ms)[0m  [1m[34mSELECT  "users".* FROM "users" WHERE "users"."session_token" IS NULL LIMIT $1[0m  [["LIMIT", 1]]
  ↳ app/controllers/application_controller.rb:7
  Rendering sessions/new.html.erb within layouts/application
  Rendered sessions/new.html.erb within layouts/application (1.3ms)
  [1m[36mCACHE User Load (0.1ms)[0m  [1m[34mSELECT  "users".* FROM "users" WHERE "users"."session_token" IS NULL LIMIT $1[0m  [["LIMIT", 1]]
  ↳ app/controllers/application_controller.rb:7
Completed 200 OK in 65ms (Views: 55.8ms | ActiveRecord: 6.0ms)


Started GET "/session/new" for ::1 at 2022-07-06 15:27:04 -0400
Processing by SessionsController#new as HTML
  [1m[36mUser Load (7.6ms)[0m  [1m[34mSELECT  "users".* FROM "users" WHERE "users"."session_token" IS NULL LIMIT $1[0m  [["LIMIT", 1]]
  ↳ app/controllers/application_controller.rb:7
  Rendering sessions/new.html.erb within layouts/application
  Rendered sessions/new.html.erb within layouts/application (1.1ms)
  [1m[36mCACHE User Load (0.1ms)[0m  [1m[34mSELECT  "users".* FROM "users" WHERE "users"."session_token" IS NULL LIMIT $1[0m  [["LIMIT", 1]]
  ↳ app/controllers/application_controller.rb:7
Completed 200 OK in 63ms (Views: 51.7ms | ActiveRecord: 7.6ms)


Started GET "/users/new" for ::1 at 2022-07-06 15:27:06 -0400
Processing by UsersController#new as HTML
  [1m[36mUser Load (13.0ms)[0m  [1m[34mSELECT  "users".* FROM "users" WHERE "users"."session_token" IS NULL LIMIT $1[0m  [["LIMIT", 1]]
  ↳ app/controllers/application_controller.rb:7
  Rendering users/new.html.erb within layouts/application
  Rendered users/new.html.erb within layouts/application (1.2ms)
  [1m[36mCACHE User Load (25.3ms)[0m  [1m[34mSELECT  "users".* FROM "users" WHERE "users"."session_token" IS NULL LIMIT $1[0m  [["LIMIT", 1]]
  ↳ app/controllers/application_controller.rb:7
Completed 200 OK in 92ms (Views: 49.8ms | ActiveRecord: 38.3ms)


Started POST "/users" for ::1 at 2022-07-06 15:27:46 -0400
Processing by UsersController#create as HTML
  Parameters: {"authenticity_token"=>"PQwvRPLsiD3PWQDI5qwS33SlMHDAFntYO0hh8MMKUYgkUMMr8ZqyKy7bhJqy18H5cSNYaX0Hu5/vs1KsAJ6wug==", "user"=>{"email"=>"OGRizzy@gSTAR.com", "password"=>"[FILTERED]"}}
  [1m[36mUser Load (6.7ms)[0m  [1m[34mSELECT  "users".* FROM "users" WHERE "users"."session_token" IS NULL LIMIT $1[0m  [["LIMIT", 1]]
  ↳ app/controllers/application_controller.rb:7
  [1m[35m (0.4ms)[0m  [1m[35mBEGIN[0m
  ↳ app/controllers/users_controller.rb:17
  [1m[36mUser Exists (0.7ms)[0m  [1m[34mSELECT  1 AS one FROM "users" WHERE "users"."email" = $1 LIMIT $2[0m  [["email", "OGRizzy@gSTAR.com"], ["LIMIT", 1]]
  ↳ app/controllers/users_controller.rb:17
  [1m[36mUser Exists (0.5ms)[0m  [1m[34mSELECT  1 AS one FROM "users" WHERE "users"."session_token" = $1 LIMIT $2[0m  [["session_token", "l6PVWqoegR9IHd6CeOTpBQ"], ["LIMIT", 1]]
  ↳ app/controllers/users_controller.rb:17
  [1m[36mUser Create (1.0ms)[0m  [1m[32mINSERT INTO "users" ("email", "password_digest", "session_token") VALUES ($1, $2, $3) RETURNING "id"[0m  [["email", "OGRizzy@gSTAR.com"], ["password_digest", "$2a$12$uyHXaUizrIw/MitbRAUHN.G7lXX5eFOR.uQkh3T92jK20EzVbLy0u"], ["session_token", "l6PVWqoegR9IHd6CeOTpBQ"]]
  ↳ app/controllers/users_controller.rb:17
  [1m[35m (2.2ms)[0m  [1m[35mCOMMIT[0m
  ↳ app/controllers/users_controller.rb:17
  [1m[35m (1.0ms)[0m  [1m[35mBEGIN[0m
  ↳ app/models/user.rb:43
  [1m[36mUser Exists (0.9ms)[0m  [1m[34mSELECT  1 AS one FROM "users" WHERE "users"."email" = $1 AND "users"."id" != $2 LIMIT $3[0m  [["email", "OGRizzy@gSTAR.com"], ["id", 4], ["LIMIT", 1]]
  ↳ app/models/user.rb:43
  [1m[36mUser Exists (1.0ms)[0m  [1m[34mSELECT  1 AS one FROM "users" WHERE "users"."session_token" = $1 AND "users"."id" != $2 LIMIT $3[0m  [["session_token", "xs1-wZMUA1uX3SRd7ofitQ"], ["id", 4], ["LIMIT", 1]]
  ↳ app/models/user.rb:43
  [1m[36mUser Update (5.6ms)[0m  [1m[33mUPDATE "users" SET "session_token" = $1 WHERE "users"."id" = $2[0m  [["session_token", "xs1-wZMUA1uX3SRd7ofitQ"], ["id", 4]]
  ↳ app/models/user.rb:43
  [1m[35m (0.5ms)[0m  [1m[35mCOMMIT[0m
  ↳ app/models/user.rb:43
Redirected to http://localhost:3000/users/4
Completed 302 Found in 410ms (ActiveRecord: 20.5ms)


Started GET "/users/4" for ::1 at 2022-07-06 15:27:46 -0400
Processing by UsersController#show as HTML
  Parameters: {"id"=>"4"}
  [1m[36mUser Load (3.1ms)[0m  [1m[34mSELECT  "users".* FROM "users" WHERE "users"."session_token" = $1 LIMIT $2[0m  [["session_token", "xs1-wZMUA1uX3SRd7ofitQ"], ["LIMIT", 1]]
  ↳ app/controllers/application_controller.rb:7
  Rendering users/show.html.erb within layouts/application
  Rendered users/show.html.erb within layouts/application (0.9ms)
Completed 200 OK in 63ms (Views: 53.7ms | ActiveRecord: 3.1ms)


Started DELETE "/session" for ::1 at 2022-07-06 15:27:52 -0400
Processing by SessionsController#destroy as HTML
  Parameters: {"authenticity_token"=>"bT66n+CM0KDyE7SCwAQZpBlA/4YLx/CmpfAE7yATm2F0Ylbw4/rqthORMNCUf8qCHMaXn7bWMGFxCzez44d6Uw=="}
  [1m[36mUser Load (7.3ms)[0m  [1m[34mSELECT  "users".* FROM "users" WHERE "users"."session_token" = $1 LIMIT $2[0m  [["session_token", "xs1-wZMUA1uX3SRd7ofitQ"], ["LIMIT", 1]]
  ↳ app/controllers/application_controller.rb:7
  [1m[35m (2.5ms)[0m  [1m[35mBEGIN[0m
  ↳ app/models/user.rb:43
  [1m[36mUser Exists (10.0ms)[0m  [1m[34mSELECT  1 AS one FROM "users" WHERE "users"."email" = $1 AND "users"."id" != $2 LIMIT $3[0m  [["email", "OGRizzy@gSTAR.com"], ["id", 4], ["LIMIT", 1]]
  ↳ app/models/user.rb:43
  [1m[36mUser Exists (2.9ms)[0m  [1m[34mSELECT  1 AS one FROM "users" WHERE "users"."session_token" = $1 AND "users"."id" != $2 LIMIT $3[0m  [["session_token", "7g4huw8Cp5B4wUsv3_agYw"], ["id", 4], ["LIMIT", 1]]
  ↳ app/models/user.rb:43
  [1m[36mUser Update (2.8ms)[0m  [1m[33mUPDATE "users" SET "session_token" = $1 WHERE "users"."id" = $2[0m  [["session_token", "7g4huw8Cp5B4wUsv3_agYw"], ["id", 4]]
  ↳ app/models/user.rb:43
  [1m[35m (6.3ms)[0m  [1m[35mCOMMIT[0m
  ↳ app/models/user.rb:43
Redirected to http://localhost:3000/session/new
Completed 302 Found in 44ms (ActiveRecord: 31.8ms)


Started GET "/session/new" for ::1 at 2022-07-06 15:27:52 -0400
Processing by SessionsController#new as HTML
  [1m[36mUser Load (2.3ms)[0m  [1m[34mSELECT  "users".* FROM "users" WHERE "users"."session_token" IS NULL LIMIT $1[0m  [["LIMIT", 1]]
  ↳ app/controllers/application_controller.rb:7
  Rendering sessions/new.html.erb within layouts/application
  Rendered sessions/new.html.erb within layouts/application (1.3ms)
  [1m[36mCACHE User Load (0.0ms)[0m  [1m[34mSELECT  "users".* FROM "users" WHERE "users"."session_token" IS NULL LIMIT $1[0m  [["LIMIT", 1]]
  ↳ app/controllers/application_controller.rb:7
Completed 200 OK in 54ms (Views: 49.6ms | ActiveRecord: 2.3ms)


Started POST "/session" for ::1 at 2022-07-06 15:28:00 -0400
Processing by SessionsController#create as HTML
  Parameters: {"authenticity_token"=>"f+uyS2VTBR+ZjPkux9NsQOS38qRQ8iWJ3w6mUD95t95mt14kZiU/CXgOfXyTqL9m4TGave3j5U4L9ZUM/O1W7A==", "user"=>{"email"=>"OGRizzy@gSTAR.com", "password"=>"[FILTERED]"}}
  [1m[36mUser Load (7.8ms)[0m  [1m[34mSELECT  "users".* FROM "users" WHERE "users"."session_token" IS NULL LIMIT $1[0m  [["LIMIT", 1]]
  ↳ app/controllers/application_controller.rb:7
  [1m[36mUser Load (3.7ms)[0m  [1m[34mSELECT  "users".* FROM "users" WHERE "users"."email" = $1 LIMIT $2[0m  [["email", "OGRizzy@gSTAR.com"], ["LIMIT", 1]]
  ↳ app/models/user.rb:19
  [1m[35m (0.3ms)[0m  [1m[35mBEGIN[0m
  ↳ app/models/user.rb:43
  [1m[36mUser Exists (2.0ms)[0m  [1m[34mSELECT  1 AS one FROM "users" WHERE "users"."email" = $1 AND "users"."id" != $2 LIMIT $3[0m  [["email", "OGRizzy@gSTAR.com"], ["id", 4], ["LIMIT", 1]]
  ↳ app/models/user.rb:43
  [1m[36mUser Exists (1.9ms)[0m  [1m[34mSELECT  1 AS one FROM "users" WHERE "users"."session_token" = $1 AND "users"."id" != $2 LIMIT $3[0m  [["session_token", "ZpLQCui_eCCxiL8ya3-BvQ"], ["id", 4], ["LIMIT", 1]]
  ↳ app/models/user.rb:43
  [1m[36mUser Update (3.8ms)[0m  [1m[33mUPDATE "users" SET "session_token" = $1 WHERE "users"."id" = $2[0m  [["session_token", "ZpLQCui_eCCxiL8ya3-BvQ"], ["id", 4]]
  ↳ app/models/user.rb:43
  [1m[35m (4.9ms)[0m  [1m[35mCOMMIT[0m
  ↳ app/models/user.rb:43
Redirected to http://localhost:3000/users/4
Completed 302 Found in 346ms (ActiveRecord: 24.4ms)


Started GET "/users/4" for ::1 at 2022-07-06 15:28:00 -0400
Processing by UsersController#show as HTML
  Parameters: {"id"=>"4"}
  [1m[36mUser Load (5.2ms)[0m  [1m[34mSELECT  "users".* FROM "users" WHERE "users"."session_token" = $1 LIMIT $2[0m  [["session_token", "ZpLQCui_eCCxiL8ya3-BvQ"], ["LIMIT", 1]]
  ↳ app/controllers/application_controller.rb:7
  Rendering users/show.html.erb within layouts/application
  Rendered users/show.html.erb within layouts/application (1.0ms)
Completed 200 OK in 53ms (Views: 44.0ms | ActiveRecord: 5.2ms)


  [1m[35m (0.4ms)[0m  [1m[34mSELECT pg_try_advisory_lock(4505726345591715405)[0m
  ↳ bin/rails:9
  [1m[35m (1.5ms)[0m  [1m[34mSELECT "schema_migrations"."version" FROM "schema_migrations" ORDER BY "schema_migrations"."version" ASC[0m
  ↳ bin/rails:9
Migrating to CreateBands (20220706192928)
  [1m[35m (0.3ms)[0m  [1m[35mBEGIN[0m
  ↳ bin/rails:9
  [1m[35m (29.7ms)[0m  [1m[35mCREATE TABLE "bands" ("id" bigserial primary key, "name" character varying NOT NULL)[0m
  ↳ db/migrate/20220706192928_create_bands.rb:3
  [1m[35m (3.5ms)[0m  [1m[35mCREATE  INDEX  "index_bands_on_name" ON "bands"  ("name")[0m
  ↳ db/migrate/20220706192928_create_bands.rb:6
  [1m[36mActiveRecord::SchemaMigration Create (1.9ms)[0m  [1m[32mINSERT INTO "schema_migrations" ("version") VALUES ($1) RETURNING "version"[0m  [["version", "20220706192928"]]
  ↳ bin/rails:9
  [1m[35m (1.2ms)[0m  [1m[35mCOMMIT[0m
  ↳ bin/rails:9
  [1m[36mActiveRecord::InternalMetadata Load (0.9ms)[0m  [1m[34mSELECT  "ar_internal_metadata".* FROM "ar_internal_metadata" WHERE "ar_internal_metadata"."key" = $1 LIMIT $2[0m  [["key", "environment"], ["LIMIT", 1]]
  ↳ bin/rails:9
  [1m[35m (0.3ms)[0m  [1m[35mBEGIN[0m
  ↳ bin/rails:9
  [1m[35m (0.2ms)[0m  [1m[35mCOMMIT[0m
  ↳ bin/rails:9
  [1m[35m (0.7ms)[0m  [1m[34mSELECT pg_advisory_unlock(4505726345591715405)[0m
  ↳ bin/rails:9
  [1m[35m (0.4ms)[0m  [1m[34mSELECT "schema_migrations"."version" FROM "schema_migrations" ORDER BY "schema_migrations"."version" ASC[0m
  ↳ bin/rails:9
  [1m[35m (1.1ms)[0m  [1m[34mSELECT "schema_migrations"."version" FROM "schema_migrations" ORDER BY "schema_migrations"."version" ASC[0m
  ↳ /Users/appacademystudent/.rbenv/versions/2.5.1/bin/annotate:23
Started DELETE "/session" for ::1 at 2022-07-06 16:26:57 -0400
  [1m[35m (1.3ms)[0m  [1m[34mSELECT "schema_migrations"."version" FROM "schema_migrations" ORDER BY "schema_migrations"."version" ASC[0m
  ↳ /Users/appacademystudent/.rbenv/versions/2.5.1/lib/ruby/gems/2.5.0/gems/activerecord-5.2.8/lib/active_record/log_subscriber.rb:98
Processing by SessionsController#destroy as HTML
  Parameters: {"authenticity_token"=>"70BV9EY+9IO1zO5G6K/2/7iwWqy6IaAsR27vXbvNkDX2HLmbRUjOlVROahS81CXZvTYytQcwYOuTldwBeFlxBw=="}
  [1m[36mUser Load (1.2ms)[0m  [1m[34mSELECT  "users".* FROM "users" WHERE "users"."session_token" = $1 LIMIT $2[0m  [["session_token", "ZpLQCui_eCCxiL8ya3-BvQ"], ["LIMIT", 1]]
  ↳ app/controllers/application_controller.rb:7
  [1m[35m (0.3ms)[0m  [1m[35mBEGIN[0m
  ↳ app/models/user.rb:43
  [1m[36mUser Exists (0.8ms)[0m  [1m[34mSELECT  1 AS one FROM "users" WHERE "users"."email" = $1 AND "users"."id" != $2 LIMIT $3[0m  [["email", "OGRizzy@gSTAR.com"], ["id", 4], ["LIMIT", 1]]
  ↳ app/models/user.rb:43
  [1m[36mUser Exists (0.8ms)[0m  [1m[34mSELECT  1 AS one FROM "users" WHERE "users"."session_token" = $1 AND "users"."id" != $2 LIMIT $3[0m  [["session_token", "EgKPDY2MHQCy5WllISABCQ"], ["id", 4], ["LIMIT", 1]]
  ↳ app/models/user.rb:43
  [1m[36mUser Update (1.0ms)[0m  [1m[33mUPDATE "users" SET "session_token" = $1 WHERE "users"."id" = $2[0m  [["session_token", "EgKPDY2MHQCy5WllISABCQ"], ["id", 4]]
  ↳ app/models/user.rb:43
  [1m[35m (5.8ms)[0m  [1m[35mCOMMIT[0m
  ↳ app/models/user.rb:43
Redirected to http://localhost:3000/session/new
Completed 302 Found in 101ms (ActiveRecord: 33.9ms)


Started GET "/session/new" for ::1 at 2022-07-06 16:26:58 -0400
Processing by SessionsController#new as HTML
  [1m[36mUser Load (0.5ms)[0m  [1m[34mSELECT  "users".* FROM "users" WHERE "users"."session_token" IS NULL LIMIT $1[0m  [["LIMIT", 1]]
  ↳ app/controllers/application_controller.rb:7
  Rendering sessions/new.html.erb within layouts/application
  Rendered sessions/new.html.erb within layouts/application (3.1ms)
  [1m[36mCACHE User Load (0.0ms)[0m  [1m[34mSELECT  "users".* FROM "users" WHERE "users"."session_token" IS NULL LIMIT $1[0m  [["LIMIT", 1]]
  ↳ app/controllers/application_controller.rb:7
Completed 200 OK in 260ms (Views: 256.1ms | ActiveRecord: 0.6ms)


Started GET "/users/new" for ::1 at 2022-07-06 16:27:11 -0400
Processing by UsersController#new as HTML
  [1m[36mUser Load (1.4ms)[0m  [1m[34mSELECT  "users".* FROM "users" WHERE "users"."session_token" IS NULL LIMIT $1[0m  [["LIMIT", 1]]
  ↳ app/controllers/application_controller.rb:7
  Rendering users/new.html.erb within layouts/application
  Rendered users/new.html.erb within layouts/application (1.5ms)
  [1m[36mCACHE User Load (0.0ms)[0m  [1m[34mSELECT  "users".* FROM "users" WHERE "users"."session_token" IS NULL LIMIT $1[0m  [["LIMIT", 1]]
  ↳ app/controllers/application_controller.rb:7
Completed 200 OK in 41ms (Views: 35.9ms | ActiveRecord: 1.4ms)


Started POST "/users" for ::1 at 2022-07-06 16:27:23 -0400
Processing by UsersController#create as HTML
  Parameters: {"authenticity_token"=>"0fAhTkyZTXD2SIEiT1j4K5k4+H+AU6OFPH0ehWxiwu7IrM0hT+93ZhfKBXAbIysNnL6QZj1CY0Lohi3Zr/Yj3A==", "user"=>{"email"=>"rizzy@aa.io", "password"=>"[FILTERED]"}}
  [1m[36mUser Load (5.0ms)[0m  [1m[34mSELECT  "users".* FROM "users" WHERE "users"."session_token" IS NULL LIMIT $1[0m  [["LIMIT", 1]]
  ↳ app/controllers/application_controller.rb:7
  [1m[35m (0.2ms)[0m  [1m[35mBEGIN[0m
  ↳ app/controllers/users_controller.rb:17
  [1m[36mUser Exists (1.9ms)[0m  [1m[34mSELECT  1 AS one FROM "users" WHERE "users"."email" = $1 LIMIT $2[0m  [["email", "rizzy@aa.io"], ["LIMIT", 1]]
  ↳ app/controllers/users_controller.rb:17
  [1m[36mUser Exists (2.9ms)[0m  [1m[34mSELECT  1 AS one FROM "users" WHERE "users"."session_token" = $1 LIMIT $2[0m  [["session_token", "Wn5LRXUVYFWEjUdbq3p8QQ"], ["LIMIT", 1]]
  ↳ app/controllers/users_controller.rb:17
  [1m[36mUser Create (8.5ms)[0m  [1m[32mINSERT INTO "users" ("email", "password_digest", "session_token") VALUES ($1, $2, $3) RETURNING "id"[0m  [["email", "rizzy@aa.io"], ["password_digest", "$2a$12$Haya2xnma0VC/xT5gaFqSORnt/JBqmvYz/qyP8ShbFfKpnORTEVGe"], ["session_token", "Wn5LRXUVYFWEjUdbq3p8QQ"]]
  ↳ app/controllers/users_controller.rb:17
  [1m[35m (6.1ms)[0m  [1m[35mCOMMIT[0m
  ↳ app/controllers/users_controller.rb:17
  [1m[35m (3.7ms)[0m  [1m[35mBEGIN[0m
  ↳ app/models/user.rb:43
  [1m[36mUser Exists (8.8ms)[0m  [1m[34mSELECT  1 AS one FROM "users" WHERE "users"."email" = $1 AND "users"."id" != $2 LIMIT $3[0m  [["email", "rizzy@aa.io"], ["id", 5], ["LIMIT", 1]]
  ↳ app/models/user.rb:43
  [1m[36mUser Exists (12.8ms)[0m  [1m[34mSELECT  1 AS one FROM "users" WHERE "users"."session_token" = $1 AND "users"."id" != $2 LIMIT $3[0m  [["session_token", "bitrQ_Kc03UBb5xufI2eMw"], ["id", 5], ["LIMIT", 1]]
  ↳ app/models/user.rb:43
  [1m[36mUser Update (2.5ms)[0m  [1m[33mUPDATE "users" SET "session_token" = $1 WHERE "users"."id" = $2[0m  [["session_token", "bitrQ_Kc03UBb5xufI2eMw"], ["id", 5]]
  ↳ app/models/user.rb:43
  [1m[35m (5.2ms)[0m  [1m[35mCOMMIT[0m
  ↳ app/models/user.rb:43
Redirected to http://localhost:3000/users/5
Completed 302 Found in 383ms (ActiveRecord: 57.6ms)


Started GET "/users/5" for ::1 at 2022-07-06 16:27:23 -0400
Processing by UsersController#show as HTML
  Parameters: {"id"=>"5"}
  [1m[36mUser Load (5.4ms)[0m  [1m[34mSELECT  "users".* FROM "users" WHERE "users"."session_token" = $1 LIMIT $2[0m  [["session_token", "bitrQ_Kc03UBb5xufI2eMw"], ["LIMIT", 1]]
  ↳ app/controllers/application_controller.rb:7
  Rendering users/show.html.erb within layouts/application
  Rendered users/show.html.erb within layouts/application (0.8ms)
Completed 200 OK in 42ms (Views: 34.7ms | ActiveRecord: 5.4ms)


Started GET "/bands" for ::1 at 2022-07-06 16:27:43 -0400

SyntaxError - syntax error, unexpected tSYMBEG, expecting '('
...new, :create, :edit, :update. :destroy]
...                              ^:
  app/controllers/bands_controller.rb:3:in `'

Started POST "/__better_errors/d4d622f06a7f56da/variables" for ::1 at 2022-07-06 16:27:43 -0400
Started GET "/bands" for ::1 at 2022-07-06 16:28:21 -0400
  [1m[35m (1.1ms)[0m  [1m[34mSELECT "schema_migrations"."version" FROM "schema_migrations" ORDER BY "schema_migrations"."version" ASC[0m
  ↳ /Users/appacademystudent/.rbenv/versions/2.5.1/lib/ruby/gems/2.5.0/gems/activerecord-5.2.8/lib/active_record/log_subscriber.rb:98
Processing by BandsController#index as HTML
  Rendering bands/index.html.erb within layouts/application
  [1m[36mBand Load (6.7ms)[0m  [1m[34mSELECT "bands".* FROM "bands"[0m
  ↳ app/views/bands/index.html.erb:4
  Rendered bands/index.html.erb within layouts/application (23.0ms)
  [1m[36mUser Load (4.9ms)[0m  [1m[34mSELECT  "users".* FROM "users" WHERE "users"."session_token" = $1 LIMIT $2[0m  [["session_token", "bitrQ_Kc03UBb5xufI2eMw"], ["LIMIT", 1]]
  ↳ app/controllers/application_controller.rb:7
Completed 200 OK in 359ms (Views: 259.8ms | ActiveRecord: 87.1ms)


Started GET "/bands/new" for ::1 at 2022-07-06 16:28:30 -0400
Processing by BandsController#new as HTML
Completed 500 Internal Server Error in 22ms (ActiveRecord: 15.0ms)



NoMethodError - undefined method `-' for nil:NilClass:
  app/controllers/bands_controller.rb:16:in `new'

Started POST "/__better_errors/cb89cfbc07d85c4a/variables" for ::1 at 2022-07-06 16:28:30 -0400
Started GET "/bands/new" for ::1 at 2022-07-06 16:29:01 -0400
  [1m[35m (2.3ms)[0m  [1m[34mSELECT "schema_migrations"."version" FROM "schema_migrations" ORDER BY "schema_migrations"."version" ASC[0m
  ↳ /Users/appacademystudent/.rbenv/versions/2.5.1/lib/ruby/gems/2.5.0/gems/activerecord-5.2.8/lib/active_record/log_subscriber.rb:98
Processing by BandsController#new as HTML
  Rendering bands/new.html.erb within layouts/application
  Rendered bands/new.html.erb within layouts/application (2.7ms)
  [1m[36mUser Load (1.1ms)[0m  [1m[34mSELECT  "users".* FROM "users" WHERE "users"."session_token" = $1 LIMIT $2[0m  [["session_token", "bitrQ_Kc03UBb5xufI2eMw"], ["LIMIT", 1]]
  ↳ app/controllers/application_controller.rb:7
Completed 200 OK in 413ms (Views: 360.9ms | ActiveRecord: 34.6ms)


Started POST "/bands" for ::1 at 2022-07-06 16:29:11 -0400
Processing by BandsController#create as HTML
  Parameters: {"authenticity_token"=>"5zyjCdWh/R32xkzYx9UMe9bH3rgb5uVJ2TWsPsuQolP+YE9m1tfHCxdEyIqTrt9d00G2oab3JY4Nzp9iCARDYQ==", "band"=>{"name"=>"metallica"}}
  [1m[35m (14.0ms)[0m  [1m[35mBEGIN[0m
  ↳ app/controllers/bands_controller.rb:22
  [1m[36mBand Create (3.5ms)[0m  [1m[32mINSERT INTO "bands" ("name") VALUES ($1) RETURNING "id"[0m  [["name", "metallica"]]
  ↳ app/controllers/bands_controller.rb:22
  [1m[35m (1.9ms)[0m  [1m[35mCOMMIT[0m
  ↳ app/controllers/bands_controller.rb:22
Redirected to http://localhost:3000/bands/1
Completed 302 Found in 27ms (ActiveRecord: 19.4ms)


Started GET "/bands/1" for ::1 at 2022-07-06 16:29:11 -0400
Processing by BandsController#show as HTML
  Parameters: {"id"=>"1"}
  [1m[36mBand Load (0.6ms)[0m  [1m[34mSELECT  "bands".* FROM "bands" WHERE "bands"."id" = $1 LIMIT $2[0m  [["id", 1], ["LIMIT", 1]]
  ↳ app/controllers/bands_controller.rb:11
  Rendering bands/show.html.erb within layouts/application
  Rendered bands/show.html.erb within layouts/application (0.7ms)
  [1m[36mUser Load (0.6ms)[0m  [1m[34mSELECT  "users".* FROM "users" WHERE "users"."session_token" = $1 LIMIT $2[0m  [["session_token", "bitrQ_Kc03UBb5xufI2eMw"], ["LIMIT", 1]]
  ↳ app/controllers/application_controller.rb:7
Completed 200 OK in 50ms (Views: 36.3ms | ActiveRecord: 1.2ms)


Started GET "/bands/1/edit" for ::1 at 2022-07-06 16:29:21 -0400
Processing by BandsController#edit as HTML
  Parameters: {"id"=>"1"}
  [1m[36mBand Load (4.3ms)[0m  [1m[34mSELECT  "bands".* FROM "bands" WHERE "bands"."id" = $1 LIMIT $2[0m  [["id", 1], ["LIMIT", 1]]
  ↳ app/controllers/bands_controller.rb:31
  Rendering bands/edit.html.erb within layouts/application
  Rendered bands/edit.html.erb within layouts/application (1.2ms)
  [1m[36mUser Load (5.3ms)[0m  [1m[34mSELECT  "users".* FROM "users" WHERE "users"."session_token" = $1 LIMIT $2[0m  [["session_token", "bitrQ_Kc03UBb5xufI2eMw"], ["LIMIT", 1]]
  ↳ app/controllers/application_controller.rb:7
Completed 200 OK in 66ms (Views: 54.3ms | ActiveRecord: 9.7ms)


Started PATCH "/bands/1" for ::1 at 2022-07-06 16:29:26 -0400
Processing by BandsController#update as HTML
  Parameters: {"authenticity_token"=>"vn655JF0qiMpRF4PJSyThJ7Xj3wMoule5UpeBag/6iCnIlWLkgKQNcjG2l1xV0Cim1HnZbGzKZkxsW1Za6sLEg==", "band"=>{"name"=>"Metallica"}, "id"=>"1"}
  [1m[36mBand Load (7.3ms)[0m  [1m[34mSELECT  "bands".* FROM "bands" WHERE "bands"."id" = $1 LIMIT $2[0m  [["id", 1], ["LIMIT", 1]]
  ↳ app/controllers/bands_controller.rb:36
  [1m[35m (2.9ms)[0m  [1m[35mBEGIN[0m
  ↳ app/controllers/bands_controller.rb:37
  [1m[36mBand Update (3.5ms)[0m  [1m[33mUPDATE "bands" SET "name" = $1 WHERE "bands"."id" = $2[0m  [["name", "Metallica"], ["id", 1]]
  ↳ app/controllers/bands_controller.rb:37
  [1m[35m (6.7ms)[0m  [1m[35mCOMMIT[0m
  ↳ app/controllers/bands_controller.rb:37
Redirected to http://localhost:3000/bands/1
Completed 302 Found in 27ms (ActiveRecord: 20.4ms)


Started GET "/bands/1" for ::1 at 2022-07-06 16:29:26 -0400
Processing by BandsController#show as HTML
  Parameters: {"id"=>"1"}
  [1m[36mBand Load (8.3ms)[0m  [1m[34mSELECT  "bands".* FROM "bands" WHERE "bands"."id" = $1 LIMIT $2[0m  [["id", 1], ["LIMIT", 1]]
  ↳ app/controllers/bands_controller.rb:11
  Rendering bands/show.html.erb within layouts/application
  Rendered bands/show.html.erb within layouts/application (0.9ms)
  [1m[36mUser Load (0.8ms)[0m  [1m[34mSELECT  "users".* FROM "users" WHERE "users"."session_token" = $1 LIMIT $2[0m  [["session_token", "bitrQ_Kc03UBb5xufI2eMw"], ["LIMIT", 1]]
  ↳ app/controllers/application_controller.rb:7
Completed 200 OK in 53ms (Views: 40.7ms | ActiveRecord: 9.1ms)


  [1m[35m (0.3ms)[0m  [1m[34mSELECT pg_try_advisory_lock(4505726345591715405)[0m
  ↳ bin/rails:9
  [1m[35m (1.1ms)[0m  [1m[34mSELECT "schema_migrations"."version" FROM "schema_migrations" ORDER BY "schema_migrations"."version" ASC[0m
  ↳ bin/rails:9
Migrating to CreateAlbums (20220706203227)
  [1m[35m (0.2ms)[0m  [1m[35mBEGIN[0m
  ↳ bin/rails:9
  [1m[35m (26.5ms)[0m  [1m[35mCREATE TABLE "albums" ("id" bigserial primary key, "band_id" integer NOT NULL, "title" character varying NOT NULL, "year" integer NOT NULL, "live" boolean DEFAULT FALSE NOT NULL)[0m
  ↳ db/migrate/20220706203227_create_albums.rb:3
  [1m[35m (1.6ms)[0m  [1m[35mCREATE  INDEX  "index_albums_on_band_id" ON "albums"  ("band_id")[0m
  ↳ db/migrate/20220706203227_create_albums.rb:9
  [1m[36mActiveRecord::SchemaMigration Create (1.0ms)[0m  [1m[32mINSERT INTO "schema_migrations" ("version") VALUES ($1) RETURNING "version"[0m  [["version", "20220706203227"]]
  ↳ bin/rails:9
  [1m[35m (1.2ms)[0m  [1m[35mCOMMIT[0m
  ↳ bin/rails:9
  [1m[36mActiveRecord::InternalMetadata Load (1.7ms)[0m  [1m[34mSELECT  "ar_internal_metadata".* FROM "ar_internal_metadata" WHERE "ar_internal_metadata"."key" = $1 LIMIT $2[0m  [["key", "environment"], ["LIMIT", 1]]
  ↳ bin/rails:9
  [1m[35m (0.2ms)[0m  [1m[35mBEGIN[0m
  ↳ bin/rails:9
  [1m[35m (0.2ms)[0m  [1m[35mCOMMIT[0m
  ↳ bin/rails:9
  [1m[35m (0.5ms)[0m  [1m[34mSELECT pg_advisory_unlock(4505726345591715405)[0m
  ↳ bin/rails:9
  [1m[35m (0.7ms)[0m  [1m[34mSELECT "schema_migrations"."version" FROM "schema_migrations" ORDER BY "schema_migrations"."version" ASC[0m
  ↳ bin/rails:9
  [1m[35m (1.8ms)[0m  [1m[34mSELECT "schema_migrations"."version" FROM "schema_migrations" ORDER BY "schema_migrations"."version" ASC[0m
  ↳ /Users/appacademystudent/.rbenv/versions/2.5.1/bin/annotate:23
Started GET "/albums" for ::1 at 2022-07-06 17:22:49 -0400
  [1m[35m (1.8ms)[0m  [1m[34mSELECT "schema_migrations"."version" FROM "schema_migrations" ORDER BY "schema_migrations"."version" ASC[0m
  ↳ /Users/appacademystudent/.rbenv/versions/2.5.1/lib/ruby/gems/2.5.0/gems/activerecord-5.2.8/lib/active_record/log_subscriber.rb:98
Processing by AlbumsController#index as HTML
Completed 500 Internal Server Error in 12ms (ActiveRecord: 0.0ms)



NameError - uninitialized constant AlbumsController::Albums:
  app/controllers/albums_controller.rb:4:in `index'

Started POST "/__better_errors/504da97f6bd51eeb/variables" for ::1 at 2022-07-06 17:22:49 -0400
Started GET "/albums" for ::1 at 2022-07-06 17:23:24 -0400
  [1m[35m (1.3ms)[0m  [1m[34mSELECT "schema_migrations"."version" FROM "schema_migrations" ORDER BY "schema_migrations"."version" ASC[0m
  ↳ /Users/appacademystudent/.rbenv/versions/2.5.1/lib/ruby/gems/2.5.0/gems/activerecord-5.2.8/lib/active_record/log_subscriber.rb:98
Processing by AlbumsController#index as HTML
  Rendering albums/index.html.erb within layouts/application
  [1m[36mAlbum Load (9.9ms)[0m  [1m[34mSELECT "albums".* FROM "albums"[0m
  ↳ app/views/albums/index.html.erb:4
  Rendered albums/index.html.erb within layouts/application (21.1ms)
  [1m[36mUser Load (1.5ms)[0m  [1m[34mSELECT  "users".* FROM "users" WHERE "users"."session_token" = $1 LIMIT $2[0m  [["session_token", "bitrQ_Kc03UBb5xufI2eMw"], ["LIMIT", 1]]
  ↳ app/controllers/application_controller.rb:7
Completed 200 OK in 428ms (Views: 364.5ms | ActiveRecord: 46.1ms)


Started GET "/albums/new" for ::1 at 2022-07-06 17:23:30 -0400
Processing by AlbumsController#show as HTML
  Parameters: {"id"=>"new"}
  [1m[36mAlbum Load (2.9ms)[0m  [1m[34mSELECT  "albums".* FROM "albums" WHERE "albums"."id" = $1 LIMIT $2[0m  [["id", 0], ["LIMIT", 1]]
  ↳ app/controllers/albums_controller.rb:9
  Rendering albums/show.html.erb within layouts/application
  Rendered albums/show.html.erb within layouts/application (19.3ms)
Completed 500 Internal Server Error in 69ms (ActiveRecord: 2.9ms)



NoMethodError - undefined method `title' for nil:NilClass:
  app/views/albums/show.html.erb:1:in `_app_views_albums_show_html_erb___911157189714689431_70108829767000'
  app/controllers/albums_controller.rb:10:in `show'

Started POST "/__better_errors/5ba2517aa7c90c4a/variables" for ::1 at 2022-07-06 17:23:30 -0400
Started GET "/albums/new" for ::1 at 2022-07-06 17:26:40 -0400
Processing by AlbumsController#show as HTML
  Parameters: {"id"=>"new"}
  [1m[36mAlbum Load (14.7ms)[0m  [1m[34mSELECT  "albums".* FROM "albums" WHERE "albums"."id" = $1 LIMIT $2[0m  [["id", 0], ["LIMIT", 1]]
  ↳ app/controllers/albums_controller.rb:9
  Rendering albums/show.html.erb within layouts/application
  Rendered albums/show.html.erb within layouts/application (10.4ms)
Completed 500 Internal Server Error in 48ms (ActiveRecord: 14.7ms)



NoMethodError - undefined method `title' for nil:NilClass:
  app/views/albums/show.html.erb:1:in `_app_views_albums_show_html_erb___911157189714689431_70108770324940'
  app/controllers/albums_controller.rb:10:in `show'

Started POST "/__better_errors/31895b80999bdebc/variables" for ::1 at 2022-07-06 17:26:40 -0400
